=> creating model 'resnet50'
=> loading checkpoint 'checkpoint.pth.tar'
=> loaded checkpoint 'checkpoint.pth.tar' (epoch 57)
Loading training data
training data loaded
Epoch: [57][0/5005]	Time 36.919 (36.919)	Data 10.521 (10.521)	Loss 1.1578 (1.1578)	Acc@1 73.438 (73.438)	Acc@5 88.281 (88.281)
Epoch: [57][10/5005]	Time 2.863 (4.350)	Data 2.444 (1.485)	Loss 1.0923 (1.2053)	Acc@1 75.000 (70.916)	Acc@5 89.062 (88.920)
Epoch: [57][20/5005]	Time 0.450 (3.215)	Data 0.000 (1.486)	Loss 1.2743 (1.1829)	Acc@1 68.359 (71.503)	Acc@5 88.281 (89.174)
Epoch: [57][30/5005]	Time 3.421 (3.008)	Data 2.971 (1.687)	Loss 0.9880 (1.2040)	Acc@1 75.781 (71.069)	Acc@5 92.578 (88.936)
Epoch: [57][40/5005]	Time 0.461 (2.758)	Data 0.000 (1.654)	Loss 1.0907 (1.2046)	Acc@1 74.219 (70.960)	Acc@5 91.016 (88.939)
Epoch: [57][50/5005]	Time 2.634 (2.704)	Data 2.149 (1.729)	Loss 1.0290 (1.1961)	Acc@1 75.000 (71.431)	Acc@5 91.797 (89.116)
Epoch: [57][60/5005]	Time 1.072 (2.592)	Data 0.626 (1.693)	Loss 1.2185 (1.1971)	Acc@1 68.359 (71.350)	Acc@5 87.500 (89.050)
Epoch: [57][70/5005]	Time 1.207 (2.571)	Data 0.756 (1.735)	Loss 1.1042 (1.1811)	Acc@1 71.875 (71.666)	Acc@5 91.406 (89.233)
Epoch: [57][80/5005]	Time 1.473 (2.507)	Data 0.932 (1.718)	Loss 1.2493 (1.1797)	Acc@1 66.016 (71.634)	Acc@5 89.062 (89.135)
Epoch: [57][90/5005]	Time 0.939 (2.502)	Data 0.470 (1.749)	Loss 1.2823 (1.1845)	Acc@1 72.656 (71.660)	Acc@5 87.109 (89.067)
Epoch: [57][100/5005]	Time 0.922 (2.456)	Data 0.557 (1.732)	Loss 1.1327 (1.1811)	Acc@1 75.391 (71.728)	Acc@5 89.844 (89.105)
Epoch: [57][110/5005]	Time 0.741 (2.467)	Data 0.306 (1.767)	Loss 0.9046 (1.1809)	Acc@1 78.516 (71.703)	Acc@5 94.141 (89.105)
Epoch: [57][120/5005]	Time 0.951 (2.434)	Data 0.549 (1.754)	Loss 1.0063 (1.1792)	Acc@1 74.219 (71.694)	Acc@5 91.406 (89.137)
Epoch: [57][130/5005]	Time 1.121 (2.444)	Data 0.666 (1.776)	Loss 1.1416 (1.1775)	Acc@1 73.438 (71.684)	Acc@5 90.625 (89.161)
Epoch: [57][140/5005]	Time 0.483 (2.420)	Data 0.000 (1.767)	Loss 1.1478 (1.1782)	Acc@1 69.531 (71.695)	Acc@5 90.234 (89.135)
Epoch: [57][150/5005]	Time 1.534 (2.423)	Data 1.143 (1.783)	Loss 1.0364 (1.1768)	Acc@1 77.344 (71.808)	Acc@5 91.797 (89.153)
Epoch: [57][160/5005]	Time 0.473 (2.401)	Data 0.000 (1.770)	Loss 1.1550 (1.1774)	Acc@1 73.828 (71.822)	Acc@5 89.844 (89.130)
Epoch: [57][170/5005]	Time 3.030 (2.412)	Data 2.417 (1.789)	Loss 1.1609 (1.1745)	Acc@1 71.484 (71.841)	Acc@5 89.062 (89.170)
Epoch: [57][180/5005]	Time 0.485 (2.380)	Data 0.059 (1.764)	Loss 1.0869 (1.1743)	Acc@1 73.047 (71.815)	Acc@5 89.062 (89.162)
Epoch: [57][190/5005]	Time 1.570 (2.386)	Data 1.095 (1.776)	Loss 1.1874 (1.1762)	Acc@1 69.141 (71.707)	Acc@5 90.234 (89.138)
Epoch: [57][200/5005]	Time 1.340 (2.368)	Data 0.911 (1.765)	Loss 1.3497 (1.1761)	Acc@1 71.094 (71.716)	Acc@5 87.109 (89.154)
Epoch: [57][210/5005]	Time 2.571 (2.376)	Data 2.126 (1.780)	Loss 1.2759 (1.1776)	Acc@1 69.531 (71.688)	Acc@5 89.062 (89.161)
Epoch: [57][220/5005]	Time 1.660 (2.361)	Data 1.238 (1.772)	Loss 1.1975 (1.1762)	Acc@1 73.047 (71.772)	Acc@5 87.500 (89.142)
Epoch: [57][230/5005]	Time 3.124 (2.370)	Data 2.634 (1.786)	Loss 1.1656 (1.1759)	Acc@1 72.656 (71.801)	Acc@5 89.062 (89.149)
Epoch: [57][240/5005]	Time 1.495 (2.355)	Data 1.053 (1.776)	Loss 1.1115 (1.1738)	Acc@1 72.266 (71.901)	Acc@5 88.672 (89.168)
Epoch: [57][250/5005]	Time 3.506 (2.364)	Data 2.999 (1.789)	Loss 1.3422 (1.1735)	Acc@1 69.922 (71.920)	Acc@5 88.281 (89.181)
Epoch: [57][260/5005]	Time 0.830 (2.349)	Data 0.395 (1.779)	Loss 1.1602 (1.1717)	Acc@1 75.000 (71.936)	Acc@5 87.891 (89.188)
Epoch: [57][270/5005]	Time 3.896 (2.357)	Data 3.512 (1.790)	Loss 1.2166 (1.1721)	Acc@1 73.438 (71.941)	Acc@5 85.547 (89.182)
Epoch: [57][280/5005]	Time 0.416 (2.343)	Data 0.017 (1.779)	Loss 1.0333 (1.1728)	Acc@1 73.438 (71.917)	Acc@5 92.188 (89.164)
Epoch: [57][290/5005]	Time 4.078 (2.352)	Data 3.642 (1.790)	Loss 1.0383 (1.1732)	Acc@1 73.828 (71.888)	Acc@5 91.797 (89.150)
Epoch: [57][300/5005]	Time 1.376 (2.340)	Data 0.927 (1.782)	Loss 1.2261 (1.1736)	Acc@1 71.875 (71.872)	Acc@5 89.453 (89.139)
Epoch: [57][310/5005]	Time 3.348 (2.348)	Data 2.940 (1.793)	Loss 1.2789 (1.1743)	Acc@1 73.047 (71.886)	Acc@5 89.844 (89.138)
Epoch: [57][320/5005]	Time 0.978 (2.335)	Data 0.485 (1.784)	Loss 1.0784 (1.1748)	Acc@1 73.828 (71.887)	Acc@5 92.188 (89.123)
Epoch: [57][330/5005]	Time 2.886 (2.341)	Data 2.381 (1.792)	Loss 1.2390 (1.1752)	Acc@1 68.750 (71.893)	Acc@5 88.672 (89.119)
Epoch: [57][340/5005]	Time 1.041 (2.330)	Data 0.598 (1.782)	Loss 1.0268 (1.1766)	Acc@1 75.000 (71.883)	Acc@5 91.406 (89.096)
Epoch: [57][350/5005]	Time 4.228 (2.339)	Data 3.684 (1.793)	Loss 1.1378 (1.1760)	Acc@1 70.703 (71.885)	Acc@5 90.234 (89.095)
Epoch: [57][360/5005]	Time 0.466 (2.328)	Data 0.000 (1.786)	Loss 1.2083 (1.1762)	Acc@1 73.047 (71.888)	Acc@5 87.500 (89.092)
Epoch: [57][370/5005]	Time 3.536 (2.333)	Data 3.068 (1.794)	Loss 1.2374 (1.1767)	Acc@1 71.484 (71.879)	Acc@5 87.500 (89.084)
Epoch: [57][380/5005]	Time 0.415 (2.320)	Data 0.000 (1.782)	Loss 1.2281 (1.1774)	Acc@1 73.438 (71.850)	Acc@5 89.844 (89.083)
Epoch: [57][390/5005]	Time 2.489 (2.327)	Data 2.009 (1.791)	Loss 1.3017 (1.1766)	Acc@1 64.844 (71.831)	Acc@5 88.281 (89.087)
Epoch: [57][400/5005]	Time 1.772 (2.321)	Data 1.342 (1.786)	Loss 1.1644 (1.1760)	Acc@1 72.656 (71.867)	Acc@5 91.406 (89.095)
Epoch: [57][410/5005]	Time 3.035 (2.325)	Data 2.643 (1.793)	Loss 1.2855 (1.1759)	Acc@1 69.922 (71.895)	Acc@5 90.234 (89.107)
Epoch: [57][420/5005]	Time 1.040 (2.320)	Data 0.612 (1.790)	Loss 1.4441 (1.1755)	Acc@1 67.578 (71.902)	Acc@5 85.156 (89.108)
Epoch: [57][430/5005]	Time 4.942 (2.324)	Data 4.492 (1.796)	Loss 1.3521 (1.1768)	Acc@1 67.969 (71.874)	Acc@5 87.500 (89.099)
Epoch: [57][440/5005]	Time 1.985 (2.318)	Data 1.512 (1.791)	Loss 0.9724 (1.1763)	Acc@1 75.391 (71.894)	Acc@5 92.578 (89.098)
Epoch: [57][450/5005]	Time 5.329 (2.320)	Data 4.848 (1.795)	Loss 1.1354 (1.1761)	Acc@1 71.094 (71.887)	Acc@5 90.625 (89.101)
Epoch: [57][460/5005]	Time 2.584 (2.315)	Data 2.126 (1.791)	Loss 1.3105 (1.1758)	Acc@1 69.922 (71.874)	Acc@5 85.938 (89.105)
Epoch: [57][470/5005]	Time 5.217 (2.319)	Data 4.707 (1.796)	Loss 1.1447 (1.1754)	Acc@1 73.047 (71.880)	Acc@5 90.625 (89.108)
Epoch: [57][480/5005]	Time 2.379 (2.314)	Data 1.982 (1.792)	Loss 1.2414 (1.1761)	Acc@1 70.312 (71.865)	Acc@5 88.672 (89.101)
Epoch: [57][490/5005]	Time 4.444 (2.317)	Data 3.988 (1.795)	Loss 1.1783 (1.1759)	Acc@1 75.000 (71.893)	Acc@5 91.406 (89.101)
Epoch: [57][500/5005]	Time 2.667 (2.312)	Data 2.216 (1.792)	Loss 1.2841 (1.1763)	Acc@1 66.016 (71.871)	Acc@5 87.891 (89.100)
Epoch: [57][510/5005]	Time 3.340 (2.311)	Data 2.901 (1.793)	Loss 1.2423 (1.1764)	Acc@1 72.266 (71.883)	Acc@5 87.109 (89.090)
Epoch: [57][520/5005]	Time 3.514 (2.309)	Data 2.999 (1.793)	Loss 1.2743 (1.1765)	Acc@1 70.312 (71.869)	Acc@5 86.719 (89.085)
Epoch: [57][530/5005]	Time 2.939 (2.308)	Data 2.504 (1.793)	Loss 1.2522 (1.1762)	Acc@1 70.703 (71.890)	Acc@5 87.891 (89.078)
Epoch: [57][540/5005]	Time 4.969 (2.310)	Data 4.524 (1.796)	Loss 1.0390 (1.1758)	Acc@1 75.000 (71.905)	Acc@5 89.844 (89.086)
Epoch: [57][550/5005]	Time 2.913 (2.307)	Data 2.437 (1.794)	Loss 1.1138 (1.1762)	Acc@1 73.828 (71.894)	Acc@5 90.625 (89.087)
Epoch: [57][560/5005]	Time 4.405 (2.308)	Data 3.996 (1.796)	Loss 0.9755 (1.1757)	Acc@1 77.344 (71.912)	Acc@5 90.625 (89.086)
Epoch: [57][570/5005]	Time 3.020 (2.305)	Data 2.608 (1.793)	Loss 1.3129 (1.1756)	Acc@1 66.797 (71.908)	Acc@5 87.891 (89.092)
Epoch: [57][580/5005]	Time 2.853 (2.303)	Data 2.421 (1.792)	Loss 1.0045 (1.1759)	Acc@1 78.516 (71.913)	Acc@5 92.969 (89.095)
Epoch: [57][590/5005]	Time 4.321 (2.303)	Data 3.754 (1.792)	Loss 1.1227 (1.1758)	Acc@1 73.828 (71.926)	Acc@5 91.016 (89.085)
Epoch: [57][600/5005]	Time 4.013 (2.302)	Data 3.643 (1.792)	Loss 1.2919 (1.1769)	Acc@1 68.359 (71.884)	Acc@5 87.109 (89.068)
Epoch: [57][610/5005]	Time 2.270 (2.300)	Data 1.827 (1.791)	Loss 1.1090 (1.1769)	Acc@1 74.609 (71.885)	Acc@5 89.453 (89.055)
Epoch: [57][620/5005]	Time 6.062 (2.304)	Data 5.496 (1.796)	Loss 1.1590 (1.1769)	Acc@1 71.484 (71.867)	Acc@5 89.844 (89.060)
Epoch: [57][630/5005]	Time 1.208 (2.299)	Data 0.667 (1.791)	Loss 1.2572 (1.1769)	Acc@1 68.359 (71.855)	Acc@5 88.281 (89.066)
Epoch: [57][640/5005]	Time 6.821 (2.305)	Data 6.250 (1.798)	Loss 1.1792 (1.1774)	Acc@1 72.656 (71.859)	Acc@5 87.891 (89.053)
Epoch: [57][650/5005]	Time 1.070 (2.298)	Data 0.673 (1.791)	Loss 1.3085 (1.1771)	Acc@1 71.484 (71.867)	Acc@5 84.766 (89.048)
Epoch: [57][660/5005]	Time 6.053 (2.302)	Data 5.606 (1.796)	Loss 1.3207 (1.1779)	Acc@1 66.016 (71.850)	Acc@5 88.281 (89.048)
Epoch: [57][670/5005]	Time 1.895 (2.296)	Data 1.497 (1.791)	Loss 1.3250 (1.1787)	Acc@1 68.359 (71.828)	Acc@5 88.281 (89.035)
Epoch: [57][680/5005]	Time 4.978 (2.299)	Data 4.506 (1.794)	Loss 1.2677 (1.1790)	Acc@1 67.188 (71.815)	Acc@5 89.453 (89.037)
Epoch: [57][690/5005]	Time 2.690 (2.296)	Data 2.135 (1.792)	Loss 1.1162 (1.1786)	Acc@1 71.875 (71.818)	Acc@5 90.234 (89.042)
Epoch: [57][700/5005]	Time 5.529 (2.298)	Data 5.030 (1.795)	Loss 1.2464 (1.1788)	Acc@1 69.922 (71.820)	Acc@5 87.891 (89.040)
Epoch: [57][710/5005]	Time 0.766 (2.294)	Data 0.327 (1.791)	Loss 1.1650 (1.1791)	Acc@1 69.531 (71.822)	Acc@5 89.844 (89.039)
Epoch: [57][720/5005]	Time 6.987 (2.298)	Data 6.562 (1.796)	Loss 1.0911 (1.1788)	Acc@1 75.391 (71.822)	Acc@5 90.625 (89.039)
Epoch: [57][730/5005]	Time 1.413 (2.294)	Data 0.922 (1.792)	Loss 1.2061 (1.1797)	Acc@1 73.047 (71.822)	Acc@5 89.844 (89.022)
Epoch: [57][740/5005]	Time 7.876 (2.299)	Data 7.281 (1.798)	Loss 1.0412 (1.1779)	Acc@1 73.438 (71.860)	Acc@5 90.625 (89.046)
Epoch: [57][750/5005]	Time 0.423 (2.293)	Data 0.000 (1.792)	Loss 1.2439 (1.1784)	Acc@1 69.141 (71.860)	Acc@5 89.062 (89.046)
Epoch: [57][760/5005]	Time 6.634 (2.297)	Data 6.163 (1.796)	Loss 1.2281 (1.1782)	Acc@1 71.484 (71.866)	Acc@5 87.891 (89.053)
Epoch: [57][770/5005]	Time 1.336 (2.293)	Data 0.826 (1.793)	Loss 1.1813 (1.1789)	Acc@1 73.438 (71.859)	Acc@5 90.234 (89.042)
Epoch: [57][780/5005]	Time 6.289 (2.296)	Data 5.805 (1.796)	Loss 1.0521 (1.1786)	Acc@1 74.219 (71.869)	Acc@5 91.016 (89.040)
Epoch: [57][790/5005]	Time 1.107 (2.291)	Data 0.643 (1.791)	Loss 1.2339 (1.1794)	Acc@1 71.484 (71.860)	Acc@5 87.891 (89.028)
Epoch: [57][800/5005]	Time 5.309 (2.294)	Data 4.905 (1.794)	Loss 1.0128 (1.1794)	Acc@1 77.734 (71.865)	Acc@5 92.188 (89.031)
Epoch: [57][810/5005]	Time 2.747 (2.291)	Data 2.277 (1.793)	Loss 1.1054 (1.1793)	Acc@1 70.703 (71.859)	Acc@5 91.016 (89.040)
Epoch: [57][820/5005]	Time 4.920 (2.292)	Data 4.478 (1.794)	Loss 1.3555 (1.1796)	Acc@1 68.750 (71.855)	Acc@5 86.328 (89.034)
Epoch: [57][830/5005]	Time 2.381 (2.289)	Data 1.911 (1.791)	Loss 1.0330 (1.1794)	Acc@1 73.047 (71.865)	Acc@5 88.672 (89.024)
Epoch: [57][840/5005]	Time 4.279 (2.291)	Data 3.842 (1.794)	Loss 1.0594 (1.1795)	Acc@1 74.219 (71.864)	Acc@5 89.453 (89.020)
Epoch: [57][850/5005]	Time 1.644 (2.289)	Data 1.187 (1.792)	Loss 1.2362 (1.1795)	Acc@1 69.141 (71.868)	Acc@5 89.062 (89.020)
Epoch: [57][860/5005]	Time 5.096 (2.292)	Data 4.651 (1.795)	Loss 1.0293 (1.1795)	Acc@1 74.609 (71.863)	Acc@5 91.016 (89.013)
Epoch: [57][870/5005]	Time 2.248 (2.290)	Data 1.790 (1.794)	Loss 1.0308 (1.1792)	Acc@1 73.828 (71.860)	Acc@5 93.359 (89.016)
Epoch: [57][880/5005]	Time 5.371 (2.292)	Data 4.980 (1.797)	Loss 0.9396 (1.1793)	Acc@1 76.562 (71.868)	Acc@5 91.797 (89.014)
Epoch: [57][890/5005]	Time 2.611 (2.290)	Data 2.164 (1.794)	Loss 1.0477 (1.1787)	Acc@1 73.047 (71.874)	Acc@5 91.406 (89.027)
Epoch: [57][900/5005]	Time 3.796 (2.290)	Data 3.338 (1.795)	Loss 1.3430 (1.1789)	Acc@1 68.359 (71.858)	Acc@5 86.328 (89.022)
Epoch: [57][910/5005]	Time 2.366 (2.288)	Data 1.911 (1.793)	Loss 1.2078 (1.1783)	Acc@1 70.312 (71.866)	Acc@5 90.234 (89.033)
Epoch: [57][920/5005]	Time 2.661 (2.288)	Data 2.257 (1.794)	Loss 1.2621 (1.1785)	Acc@1 71.875 (71.857)	Acc@5 87.891 (89.032)
Epoch: [57][930/5005]	Time 3.238 (2.288)	Data 2.773 (1.794)	Loss 1.2441 (1.1791)	Acc@1 67.969 (71.836)	Acc@5 89.453 (89.030)
Epoch: [57][940/5005]	Time 3.278 (2.289)	Data 2.797 (1.796)	Loss 1.1588 (1.1793)	Acc@1 74.609 (71.835)	Acc@5 90.234 (89.033)
Epoch: [57][950/5005]	Time 2.807 (2.288)	Data 2.387 (1.795)	Loss 0.9846 (1.1793)	Acc@1 76.953 (71.836)	Acc@5 91.797 (89.036)
Epoch: [57][960/5005]	Time 3.065 (2.288)	Data 2.621 (1.796)	Loss 1.1289 (1.1793)	Acc@1 72.656 (71.840)	Acc@5 89.062 (89.029)
Epoch: [57][970/5005]	Time 2.067 (2.287)	Data 1.687 (1.795)	Loss 0.9766 (1.1795)	Acc@1 73.828 (71.838)	Acc@5 92.188 (89.027)
Epoch: [57][980/5005]	Time 3.614 (2.288)	Data 3.136 (1.796)	Loss 1.2746 (1.1797)	Acc@1 70.312 (71.843)	Acc@5 85.938 (89.019)
Epoch: [57][990/5005]	Time 4.022 (2.288)	Data 3.575 (1.797)	Loss 1.2173 (1.1800)	Acc@1 74.219 (71.838)	Acc@5 86.719 (89.009)
Epoch: [57][1000/5005]	Time 3.700 (2.288)	Data 3.269 (1.797)	Loss 1.1686 (1.1798)	Acc@1 73.047 (71.846)	Acc@5 87.500 (89.018)
Epoch: [57][1010/5005]	Time 3.025 (2.286)	Data 2.560 (1.796)	Loss 1.1832 (1.1801)	Acc@1 71.094 (71.837)	Acc@5 89.844 (89.014)
Epoch: [57][1020/5005]	Time 3.671 (2.287)	Data 3.212 (1.797)	Loss 1.1086 (1.1799)	Acc@1 74.609 (71.841)	Acc@5 91.016 (89.013)
Epoch: [57][1030/5005]	Time 2.152 (2.284)	Data 1.750 (1.795)	Loss 1.1944 (1.1802)	Acc@1 71.484 (71.841)	Acc@5 88.672 (89.000)
Epoch: [57][1040/5005]	Time 2.313 (2.285)	Data 1.910 (1.796)	Loss 1.1652 (1.1796)	Acc@1 73.047 (71.857)	Acc@5 91.016 (89.004)
Epoch: [57][1050/5005]	Time 3.466 (2.284)	Data 2.992 (1.795)	Loss 1.1212 (1.1790)	Acc@1 72.656 (71.871)	Acc@5 88.672 (89.009)
Epoch: [57][1060/5005]	Time 2.147 (2.284)	Data 1.654 (1.796)	Loss 1.2700 (1.1789)	Acc@1 69.531 (71.869)	Acc@5 88.281 (89.009)
Epoch: [57][1070/5005]	Time 2.599 (2.283)	Data 2.137 (1.794)	Loss 1.0792 (1.1790)	Acc@1 73.047 (71.868)	Acc@5 89.453 (89.008)
Epoch: [57][1080/5005]	Time 1.810 (2.285)	Data 1.368 (1.797)	Loss 1.1013 (1.1785)	Acc@1 72.656 (71.876)	Acc@5 90.234 (89.015)
Epoch: [57][1090/5005]	Time 1.820 (2.283)	Data 1.403 (1.796)	Loss 1.1630 (1.1792)	Acc@1 73.047 (71.865)	Acc@5 88.672 (89.006)
Epoch: [57][1100/5005]	Time 2.917 (2.285)	Data 2.469 (1.798)	Loss 1.1129 (1.1795)	Acc@1 71.875 (71.862)	Acc@5 92.578 (89.004)
Epoch: [57][1110/5005]	Time 2.082 (2.282)	Data 1.662 (1.795)	Loss 1.2139 (1.1801)	Acc@1 75.000 (71.861)	Acc@5 87.891 (88.996)
Epoch: [57][1120/5005]	Time 1.817 (2.284)	Data 1.332 (1.798)	Loss 1.2227 (1.1803)	Acc@1 69.141 (71.848)	Acc@5 89.062 (89.000)
Epoch: [57][1130/5005]	Time 1.151 (2.281)	Data 0.633 (1.795)	Loss 1.2668 (1.1804)	Acc@1 70.312 (71.839)	Acc@5 87.891 (89.004)
Epoch: [57][1140/5005]	Time 2.630 (2.284)	Data 2.223 (1.798)	Loss 1.1528 (1.1803)	Acc@1 73.828 (71.836)	Acc@5 89.844 (89.005)
Epoch: [57][1150/5005]	Time 2.662 (2.282)	Data 2.140 (1.796)	Loss 1.1386 (1.1806)	Acc@1 72.656 (71.828)	Acc@5 89.844 (88.997)
Epoch: [57][1160/5005]	Time 2.084 (2.283)	Data 1.548 (1.798)	Loss 1.1294 (1.1809)	Acc@1 72.266 (71.811)	Acc@5 89.844 (88.993)
Epoch: [57][1170/5005]	Time 3.396 (2.281)	Data 2.939 (1.797)	Loss 1.2450 (1.1805)	Acc@1 68.750 (71.821)	Acc@5 87.500 (89.000)
Epoch: [57][1180/5005]	Time 1.616 (2.282)	Data 1.179 (1.797)	Loss 1.1856 (1.1808)	Acc@1 74.219 (71.818)	Acc@5 87.891 (88.994)
Epoch: [57][1190/5005]	Time 3.872 (2.281)	Data 3.470 (1.797)	Loss 1.2484 (1.1811)	Acc@1 72.266 (71.819)	Acc@5 87.891 (88.993)
Epoch: [57][1200/5005]	Time 2.236 (2.281)	Data 1.819 (1.797)	Loss 1.3908 (1.1818)	Acc@1 67.969 (71.804)	Acc@5 84.375 (88.981)
Epoch: [57][1210/5005]	Time 3.916 (2.281)	Data 3.502 (1.798)	Loss 1.2325 (1.1817)	Acc@1 68.359 (71.809)	Acc@5 89.453 (88.985)
Epoch: [57][1220/5005]	Time 3.055 (2.282)	Data 2.586 (1.798)	Loss 1.0622 (1.1818)	Acc@1 71.484 (71.809)	Acc@5 92.578 (88.988)
Epoch: [57][1230/5005]	Time 4.144 (2.282)	Data 3.697 (1.799)	Loss 1.1202 (1.1817)	Acc@1 76.562 (71.814)	Acc@5 90.234 (88.988)
Epoch: [57][1240/5005]	Time 3.588 (2.282)	Data 3.134 (1.799)	Loss 1.0310 (1.1816)	Acc@1 73.828 (71.812)	Acc@5 91.406 (88.990)
Epoch: [57][1250/5005]	Time 4.297 (2.282)	Data 3.783 (1.799)	Loss 1.2151 (1.1816)	Acc@1 71.094 (71.813)	Acc@5 89.453 (88.994)
Epoch: [57][1260/5005]	Time 2.048 (2.282)	Data 1.628 (1.799)	Loss 1.2730 (1.1822)	Acc@1 71.094 (71.803)	Acc@5 89.062 (88.987)
Epoch: [57][1270/5005]	Time 5.495 (2.282)	Data 4.926 (1.800)	Loss 1.1215 (1.1825)	Acc@1 75.391 (71.804)	Acc@5 88.672 (88.977)
Epoch: [57][1280/5005]	Time 1.367 (2.281)	Data 0.960 (1.799)	Loss 1.0695 (1.1827)	Acc@1 72.266 (71.793)	Acc@5 91.016 (88.973)
Epoch: [57][1290/5005]	Time 4.891 (2.282)	Data 4.448 (1.800)	Loss 1.3394 (1.1829)	Acc@1 68.750 (71.784)	Acc@5 87.109 (88.972)
Epoch: [57][1300/5005]	Time 0.483 (2.281)	Data 0.082 (1.799)	Loss 1.2049 (1.1830)	Acc@1 71.094 (71.781)	Acc@5 89.453 (88.967)
Epoch: [57][1310/5005]	Time 4.563 (2.282)	Data 4.140 (1.800)	Loss 1.0559 (1.1830)	Acc@1 72.266 (71.774)	Acc@5 92.969 (88.969)
Epoch: [57][1320/5005]	Time 0.682 (2.281)	Data 0.170 (1.800)	Loss 1.1387 (1.1831)	Acc@1 71.484 (71.765)	Acc@5 91.406 (88.968)
Epoch: [57][1330/5005]	Time 2.876 (2.281)	Data 2.371 (1.799)	Loss 1.3313 (1.1831)	Acc@1 68.359 (71.770)	Acc@5 85.156 (88.964)
Epoch: [57][1340/5005]	Time 0.448 (2.282)	Data 0.000 (1.800)	Loss 0.9888 (1.1825)	Acc@1 73.828 (71.782)	Acc@5 91.016 (88.967)
Epoch: [57][1350/5005]	Time 4.636 (2.282)	Data 4.089 (1.801)	Loss 1.2504 (1.1828)	Acc@1 68.750 (71.779)	Acc@5 86.719 (88.959)
Epoch: [57][1360/5005]	Time 0.367 (2.281)	Data 0.000 (1.800)	Loss 1.0601 (1.1825)	Acc@1 75.000 (71.783)	Acc@5 90.234 (88.964)
Epoch: [57][1370/5005]	Time 4.272 (2.281)	Data 3.830 (1.801)	Loss 1.3737 (1.1824)	Acc@1 70.703 (71.789)	Acc@5 85.547 (88.965)
Epoch: [57][1380/5005]	Time 0.803 (2.281)	Data 0.339 (1.800)	Loss 1.1753 (1.1827)	Acc@1 73.047 (71.784)	Acc@5 88.281 (88.961)
Epoch: [57][1390/5005]	Time 3.657 (2.281)	Data 3.228 (1.801)	Loss 1.1723 (1.1825)	Acc@1 74.609 (71.798)	Acc@5 88.281 (88.966)
Epoch: [57][1400/5005]	Time 0.916 (2.281)	Data 0.497 (1.801)	Loss 1.4129 (1.1829)	Acc@1 69.531 (71.796)	Acc@5 85.547 (88.961)
Epoch: [57][1410/5005]	Time 3.978 (2.281)	Data 3.487 (1.801)	Loss 1.2878 (1.1829)	Acc@1 69.922 (71.797)	Acc@5 87.500 (88.961)
Epoch: [57][1420/5005]	Time 1.223 (2.281)	Data 0.723 (1.801)	Loss 1.0303 (1.1831)	Acc@1 74.219 (71.792)	Acc@5 91.016 (88.959)
Epoch: [57][1430/5005]	Time 2.862 (2.280)	Data 2.489 (1.801)	Loss 1.3104 (1.1833)	Acc@1 70.703 (71.793)	Acc@5 85.938 (88.952)
Epoch: [57][1440/5005]	Time 0.421 (2.281)	Data 0.000 (1.802)	Loss 1.0582 (1.1831)	Acc@1 71.484 (71.791)	Acc@5 90.625 (88.961)
Epoch: [57][1450/5005]	Time 3.505 (2.280)	Data 2.992 (1.801)	Loss 1.0562 (1.1829)	Acc@1 71.875 (71.791)	Acc@5 90.234 (88.961)
Epoch: [57][1460/5005]	Time 0.459 (2.281)	Data 0.000 (1.802)	Loss 0.9407 (1.1823)	Acc@1 78.906 (71.804)	Acc@5 92.969 (88.971)
Epoch: [57][1470/5005]	Time 2.208 (2.279)	Data 1.750 (1.801)	Loss 1.2753 (1.1822)	Acc@1 72.266 (71.806)	Acc@5 87.109 (88.974)
Epoch: [57][1480/5005]	Time 0.433 (2.280)	Data 0.000 (1.802)	Loss 1.0132 (1.1823)	Acc@1 73.438 (71.810)	Acc@5 92.188 (88.969)
Epoch: [57][1490/5005]	Time 3.116 (2.279)	Data 2.690 (1.801)	Loss 1.3124 (1.1825)	Acc@1 69.922 (71.806)	Acc@5 86.719 (88.965)
Epoch: [57][1500/5005]	Time 0.557 (2.280)	Data 0.083 (1.802)	Loss 1.1226 (1.1824)	Acc@1 75.391 (71.806)	Acc@5 89.844 (88.965)
Epoch: [57][1510/5005]	Time 2.385 (2.278)	Data 1.934 (1.801)	Loss 1.1000 (1.1823)	Acc@1 74.609 (71.809)	Acc@5 90.234 (88.965)
Epoch: [57][1520/5005]	Time 1.222 (2.279)	Data 0.776 (1.802)	Loss 1.2014 (1.1823)	Acc@1 73.828 (71.812)	Acc@5 89.453 (88.968)
Epoch: [57][1530/5005]	Time 1.229 (2.277)	Data 0.806 (1.800)	Loss 1.0467 (1.1827)	Acc@1 74.219 (71.802)	Acc@5 89.844 (88.959)
Epoch: [57][1540/5005]	Time 1.636 (2.279)	Data 1.229 (1.803)	Loss 1.2093 (1.1833)	Acc@1 72.266 (71.792)	Acc@5 89.062 (88.957)
Epoch: [57][1550/5005]	Time 0.510 (2.277)	Data 0.128 (1.801)	Loss 1.1269 (1.1834)	Acc@1 72.656 (71.790)	Acc@5 88.672 (88.953)
Epoch: [57][1560/5005]	Time 2.772 (2.279)	Data 2.352 (1.803)	Loss 1.1999 (1.1836)	Acc@1 70.312 (71.788)	Acc@5 90.234 (88.950)
Epoch: [57][1570/5005]	Time 0.931 (2.277)	Data 0.436 (1.801)	Loss 1.2096 (1.1833)	Acc@1 70.312 (71.793)	Acc@5 88.672 (88.950)
Epoch: [57][1580/5005]	Time 4.735 (2.280)	Data 4.322 (1.803)	Loss 0.9528 (1.1833)	Acc@1 76.953 (71.796)	Acc@5 92.969 (88.954)
Epoch: [57][1590/5005]	Time 2.261 (2.278)	Data 1.800 (1.802)	Loss 1.2070 (1.1832)	Acc@1 72.656 (71.794)	Acc@5 89.453 (88.956)
Epoch: [57][1600/5005]	Time 4.790 (2.280)	Data 4.373 (1.804)	Loss 1.3281 (1.1833)	Acc@1 68.750 (71.795)	Acc@5 87.891 (88.955)
Epoch: [57][1610/5005]	Time 1.423 (2.279)	Data 0.984 (1.803)	Loss 0.9670 (1.1834)	Acc@1 77.734 (71.793)	Acc@5 92.188 (88.956)
Epoch: [57][1620/5005]	Time 4.799 (2.280)	Data 4.342 (1.804)	Loss 1.3733 (1.1836)	Acc@1 68.750 (71.787)	Acc@5 86.719 (88.954)
Epoch: [57][1630/5005]	Time 0.878 (2.278)	Data 0.457 (1.802)	Loss 1.2066 (1.1835)	Acc@1 68.359 (71.783)	Acc@5 86.328 (88.956)
Epoch: [57][1640/5005]	Time 4.989 (2.280)	Data 4.590 (1.805)	Loss 1.3164 (1.1839)	Acc@1 69.141 (71.774)	Acc@5 87.109 (88.955)
Epoch: [57][1650/5005]	Time 1.084 (2.278)	Data 0.649 (1.803)	Loss 1.1999 (1.1845)	Acc@1 72.266 (71.761)	Acc@5 87.891 (88.947)
Epoch: [57][1660/5005]	Time 5.459 (2.280)	Data 5.019 (1.805)	Loss 1.3265 (1.1847)	Acc@1 71.875 (71.760)	Acc@5 86.328 (88.944)
Epoch: [57][1670/5005]	Time 0.980 (2.278)	Data 0.479 (1.803)	Loss 1.1430 (1.1846)	Acc@1 71.484 (71.757)	Acc@5 89.844 (88.943)
Epoch: [57][1680/5005]	Time 5.376 (2.280)	Data 4.917 (1.805)	Loss 1.1297 (1.1848)	Acc@1 73.438 (71.754)	Acc@5 89.844 (88.937)
Epoch: [57][1690/5005]	Time 1.508 (2.279)	Data 1.087 (1.804)	Loss 1.2683 (1.1850)	Acc@1 71.875 (71.750)	Acc@5 87.891 (88.933)
Epoch: [57][1700/5005]	Time 5.598 (2.280)	Data 5.152 (1.805)	Loss 1.2972 (1.1850)	Acc@1 71.484 (71.747)	Acc@5 85.938 (88.933)
Epoch: [57][1710/5005]	Time 2.976 (2.279)	Data 2.594 (1.805)	Loss 1.2537 (1.1849)	Acc@1 69.922 (71.746)	Acc@5 89.453 (88.937)
Epoch: [57][1720/5005]	Time 5.218 (2.280)	Data 4.728 (1.805)	Loss 1.2339 (1.1851)	Acc@1 72.656 (71.744)	Acc@5 89.453 (88.938)
Epoch: [57][1730/5005]	Time 2.694 (2.279)	Data 2.206 (1.804)	Loss 1.1728 (1.1851)	Acc@1 74.219 (71.744)	Acc@5 86.719 (88.942)
Epoch: [57][1740/5005]	Time 4.851 (2.279)	Data 4.260 (1.805)	Loss 1.1003 (1.1853)	Acc@1 74.219 (71.740)	Acc@5 89.062 (88.938)
Epoch: [57][1750/5005]	Time 3.246 (2.279)	Data 2.827 (1.804)	Loss 1.3057 (1.1851)	Acc@1 69.922 (71.747)	Acc@5 88.672 (88.939)
Epoch: [57][1760/5005]	Time 5.656 (2.279)	Data 5.261 (1.805)	Loss 1.2701 (1.1849)	Acc@1 69.922 (71.748)	Acc@5 85.938 (88.939)
Epoch: [57][1770/5005]	Time 1.498 (2.278)	Data 1.154 (1.804)	Loss 1.1858 (1.1848)	Acc@1 69.531 (71.750)	Acc@5 89.062 (88.943)
Epoch: [57][1780/5005]	Time 5.332 (2.279)	Data 4.902 (1.805)	Loss 1.1022 (1.1847)	Acc@1 72.656 (71.752)	Acc@5 89.453 (88.941)
Epoch: [57][1790/5005]	Time 1.999 (2.278)	Data 1.548 (1.804)	Loss 1.2911 (1.1850)	Acc@1 69.141 (71.744)	Acc@5 85.156 (88.937)
Epoch: [57][1800/5005]	Time 4.509 (2.279)	Data 4.085 (1.805)	Loss 1.3935 (1.1848)	Acc@1 68.750 (71.751)	Acc@5 85.938 (88.938)
Epoch: [57][1810/5005]	Time 2.003 (2.277)	Data 1.576 (1.804)	Loss 1.4005 (1.1848)	Acc@1 65.625 (71.741)	Acc@5 85.156 (88.940)
Epoch: [57][1820/5005]	Time 4.845 (2.278)	Data 4.376 (1.805)	Loss 1.0281 (1.1849)	Acc@1 71.875 (71.738)	Acc@5 92.969 (88.944)
Epoch: [57][1830/5005]	Time 3.267 (2.278)	Data 2.821 (1.804)	Loss 1.0706 (1.1846)	Acc@1 73.438 (71.744)	Acc@5 90.625 (88.945)
Epoch: [57][1840/5005]	Time 4.070 (2.278)	Data 3.606 (1.805)	Loss 1.1263 (1.1846)	Acc@1 74.609 (71.746)	Acc@5 90.625 (88.942)
Epoch: [57][1850/5005]	Time 3.113 (2.277)	Data 2.616 (1.804)	Loss 1.2117 (1.1847)	Acc@1 68.750 (71.737)	Acc@5 85.547 (88.940)
Epoch: [57][1860/5005]	Time 3.660 (2.278)	Data 3.238 (1.805)	Loss 1.4253 (1.1851)	Acc@1 64.062 (71.730)	Acc@5 85.156 (88.936)
Epoch: [57][1870/5005]	Time 3.698 (2.277)	Data 3.242 (1.805)	Loss 1.1476 (1.1851)	Acc@1 73.828 (71.730)	Acc@5 89.453 (88.937)
Epoch: [57][1880/5005]	Time 2.708 (2.278)	Data 2.295 (1.805)	Loss 1.2373 (1.1854)	Acc@1 69.922 (71.730)	Acc@5 88.281 (88.936)
Epoch: [57][1890/5005]	Time 3.684 (2.278)	Data 3.268 (1.805)	Loss 1.2701 (1.1851)	Acc@1 69.141 (71.732)	Acc@5 89.062 (88.940)
Epoch: [57][1900/5005]	Time 4.343 (2.278)	Data 3.932 (1.805)	Loss 1.3581 (1.1853)	Acc@1 67.188 (71.733)	Acc@5 87.109 (88.937)
Epoch: [57][1910/5005]	Time 3.793 (2.278)	Data 3.327 (1.805)	Loss 1.1244 (1.1852)	Acc@1 73.047 (71.732)	Acc@5 88.281 (88.940)
Epoch: [57][1920/5005]	Time 4.203 (2.278)	Data 3.745 (1.805)	Loss 1.0279 (1.1853)	Acc@1 72.656 (71.725)	Acc@5 92.969 (88.939)
Epoch: [57][1930/5005]	Time 2.418 (2.277)	Data 1.939 (1.804)	Loss 0.9470 (1.1852)	Acc@1 78.125 (71.728)	Acc@5 92.578 (88.940)
Epoch: [57][1940/5005]	Time 3.576 (2.277)	Data 3.111 (1.805)	Loss 1.1545 (1.1853)	Acc@1 72.656 (71.723)	Acc@5 89.453 (88.938)
Epoch: [57][1950/5005]	Time 2.298 (2.277)	Data 1.827 (1.804)	Loss 1.1991 (1.1852)	Acc@1 71.094 (71.727)	Acc@5 90.234 (88.939)
Epoch: [57][1960/5005]	Time 4.564 (2.278)	Data 4.175 (1.806)	Loss 1.0032 (1.1853)	Acc@1 76.172 (71.727)	Acc@5 92.578 (88.938)
Epoch: [57][1970/5005]	Time 2.526 (2.277)	Data 2.077 (1.805)	Loss 1.1645 (1.1852)	Acc@1 72.266 (71.727)	Acc@5 88.281 (88.935)
Epoch: [57][1980/5005]	Time 5.445 (2.278)	Data 4.963 (1.806)	Loss 1.1547 (1.1851)	Acc@1 71.094 (71.729)	Acc@5 88.672 (88.938)
Epoch: [57][1990/5005]	Time 1.957 (2.276)	Data 1.528 (1.804)	Loss 1.0251 (1.1849)	Acc@1 72.656 (71.730)	Acc@5 92.578 (88.941)
Epoch: [57][2000/5005]	Time 5.634 (2.278)	Data 4.986 (1.806)	Loss 1.2431 (1.1848)	Acc@1 67.969 (71.732)	Acc@5 87.891 (88.943)
Epoch: [57][2010/5005]	Time 1.431 (2.276)	Data 1.049 (1.804)	Loss 1.3145 (1.1845)	Acc@1 71.875 (71.742)	Acc@5 85.156 (88.948)
Epoch: [57][2020/5005]	Time 4.647 (2.278)	Data 4.189 (1.806)	Loss 1.2768 (1.1848)	Acc@1 69.922 (71.738)	Acc@5 87.109 (88.948)
Epoch: [57][2030/5005]	Time 0.695 (2.276)	Data 0.246 (1.804)	Loss 1.4198 (1.1851)	Acc@1 64.062 (71.732)	Acc@5 86.328 (88.946)
Epoch: [57][2040/5005]	Time 6.000 (2.278)	Data 5.529 (1.806)	Loss 1.2341 (1.1852)	Acc@1 69.141 (71.728)	Acc@5 89.062 (88.942)
Epoch: [57][2050/5005]	Time 1.904 (2.277)	Data 1.432 (1.805)	Loss 1.1356 (1.1853)	Acc@1 71.875 (71.724)	Acc@5 88.281 (88.939)
Epoch: [57][2060/5005]	Time 4.898 (2.278)	Data 4.459 (1.806)	Loss 1.2095 (1.1852)	Acc@1 72.266 (71.728)	Acc@5 91.406 (88.939)
Epoch: [57][2070/5005]	Time 1.465 (2.276)	Data 1.031 (1.805)	Loss 1.1097 (1.1851)	Acc@1 73.047 (71.730)	Acc@5 91.797 (88.942)
Epoch: [57][2080/5005]	Time 4.702 (2.278)	Data 4.233 (1.807)	Loss 1.3187 (1.1851)	Acc@1 72.656 (71.731)	Acc@5 87.500 (88.941)
Epoch: [57][2090/5005]	Time 2.704 (2.277)	Data 2.292 (1.806)	Loss 1.0730 (1.1854)	Acc@1 72.266 (71.723)	Acc@5 90.234 (88.936)
Epoch: [57][2100/5005]	Time 4.631 (2.278)	Data 4.243 (1.807)	Loss 1.4406 (1.1855)	Acc@1 66.797 (71.720)	Acc@5 86.719 (88.936)
Epoch: [57][2110/5005]	Time 1.835 (2.278)	Data 1.401 (1.806)	Loss 1.1276 (1.1857)	Acc@1 74.219 (71.720)	Acc@5 89.062 (88.935)
Epoch: [57][2120/5005]	Time 4.593 (2.279)	Data 4.126 (1.808)	Loss 1.2644 (1.1858)	Acc@1 69.531 (71.721)	Acc@5 87.891 (88.931)
Epoch: [57][2130/5005]	Time 5.863 (2.279)	Data 5.392 (1.808)	Loss 1.1846 (1.1856)	Acc@1 68.750 (71.724)	Acc@5 89.453 (88.933)
Epoch: [57][2140/5005]	Time 3.243 (2.278)	Data 2.807 (1.808)	Loss 1.0685 (1.1855)	Acc@1 77.344 (71.734)	Acc@5 89.062 (88.934)
Epoch: [57][2150/5005]	Time 3.452 (2.278)	Data 3.013 (1.808)	Loss 1.2038 (1.1853)	Acc@1 73.047 (71.736)	Acc@5 89.844 (88.935)
Epoch: [57][2160/5005]	Time 4.275 (2.279)	Data 3.842 (1.808)	Loss 1.2914 (1.1855)	Acc@1 68.750 (71.728)	Acc@5 87.891 (88.935)
Epoch: [57][2170/5005]	Time 4.082 (2.279)	Data 3.627 (1.808)	Loss 1.3889 (1.1855)	Acc@1 67.188 (71.727)	Acc@5 85.938 (88.932)
Epoch: [57][2180/5005]	Time 4.309 (2.279)	Data 3.937 (1.809)	Loss 1.1133 (1.1850)	Acc@1 72.656 (71.734)	Acc@5 91.016 (88.940)
Epoch: [57][2190/5005]	Time 4.014 (2.279)	Data 3.555 (1.808)	Loss 1.1809 (1.1850)	Acc@1 75.000 (71.738)	Acc@5 89.844 (88.939)
Epoch: [57][2200/5005]	Time 3.881 (2.279)	Data 3.430 (1.809)	Loss 1.2507 (1.1852)	Acc@1 69.141 (71.734)	Acc@5 89.453 (88.934)
Epoch: [57][2210/5005]	Time 4.137 (2.279)	Data 3.463 (1.809)	Loss 1.1438 (1.1855)	Acc@1 73.438 (71.728)	Acc@5 87.891 (88.930)
Epoch: [57][2220/5005]	Time 4.592 (2.279)	Data 4.204 (1.809)	Loss 1.2605 (1.1855)	Acc@1 71.484 (71.726)	Acc@5 88.672 (88.929)
Epoch: [57][2230/5005]	Time 4.162 (2.279)	Data 3.571 (1.809)	Loss 1.0447 (1.1856)	Acc@1 77.344 (71.726)	Acc@5 91.406 (88.927)
Epoch: [57][2240/5005]	Time 5.389 (2.280)	Data 4.869 (1.809)	Loss 1.1473 (1.1855)	Acc@1 71.875 (71.728)	Acc@5 89.453 (88.929)
Epoch: [57][2250/5005]	Time 2.033 (2.279)	Data 1.589 (1.808)	Loss 1.3803 (1.1857)	Acc@1 72.656 (71.732)	Acc@5 88.672 (88.928)
Epoch: [57][2260/5005]	Time 4.004 (2.279)	Data 3.542 (1.809)	Loss 1.1631 (1.1858)	Acc@1 71.094 (71.734)	Acc@5 88.281 (88.923)
Epoch: [57][2270/5005]	Time 3.001 (2.279)	Data 2.488 (1.808)	Loss 1.4856 (1.1860)	Acc@1 65.625 (71.732)	Acc@5 81.250 (88.919)
Epoch: [57][2280/5005]	Time 3.457 (2.279)	Data 3.035 (1.809)	Loss 1.1132 (1.1860)	Acc@1 72.266 (71.729)	Acc@5 91.406 (88.920)
Epoch: [57][2290/5005]	Time 3.775 (2.279)	Data 3.073 (1.808)	Loss 1.3200 (1.1860)	Acc@1 70.312 (71.730)	Acc@5 88.672 (88.922)
Epoch: [57][2300/5005]	Time 3.323 (2.279)	Data 2.851 (1.808)	Loss 1.2087 (1.1861)	Acc@1 71.484 (71.728)	Acc@5 88.672 (88.919)
Epoch: [57][2310/5005]	Time 3.139 (2.279)	Data 2.720 (1.808)	Loss 1.3284 (1.1861)	Acc@1 67.969 (71.728)	Acc@5 89.062 (88.920)
Epoch: [57][2320/5005]	Time 4.433 (2.279)	Data 3.970 (1.809)	Loss 1.1310 (1.1860)	Acc@1 74.219 (71.731)	Acc@5 91.016 (88.921)
Epoch: [57][2330/5005]	Time 2.220 (2.278)	Data 1.785 (1.808)	Loss 1.1972 (1.1861)	Acc@1 69.922 (71.726)	Acc@5 89.453 (88.919)
Epoch: [57][2340/5005]	Time 3.738 (2.279)	Data 3.283 (1.808)	Loss 1.2026 (1.1860)	Acc@1 71.484 (71.728)	Acc@5 90.234 (88.923)
Epoch: [57][2350/5005]	Time 1.317 (2.278)	Data 0.900 (1.807)	Loss 1.1949 (1.1862)	Acc@1 73.047 (71.725)	Acc@5 90.234 (88.922)
Epoch: [57][2360/5005]	Time 2.942 (2.279)	Data 2.480 (1.808)	Loss 0.9462 (1.1862)	Acc@1 76.953 (71.723)	Acc@5 91.016 (88.924)
Epoch: [57][2370/5005]	Time 1.524 (2.278)	Data 0.940 (1.808)	Loss 1.1972 (1.1862)	Acc@1 71.875 (71.721)	Acc@5 88.672 (88.926)
Epoch: [57][2380/5005]	Time 3.792 (2.279)	Data 3.351 (1.809)	Loss 1.2864 (1.1863)	Acc@1 70.703 (71.719)	Acc@5 85.938 (88.925)
Epoch: [57][2390/5005]	Time 0.933 (2.277)	Data 0.475 (1.807)	Loss 1.1759 (1.1864)	Acc@1 70.703 (71.722)	Acc@5 87.109 (88.923)
Epoch: [57][2400/5005]	Time 2.648 (2.278)	Data 2.186 (1.809)	Loss 1.2078 (1.1863)	Acc@1 68.750 (71.722)	Acc@5 89.844 (88.924)
Epoch: [57][2410/5005]	Time 1.677 (2.278)	Data 1.231 (1.808)	Loss 1.2547 (1.1861)	Acc@1 73.047 (71.731)	Acc@5 85.938 (88.926)
Epoch: [57][2420/5005]	Time 1.206 (2.279)	Data 0.778 (1.809)	Loss 1.3013 (1.1862)	Acc@1 69.141 (71.732)	Acc@5 86.719 (88.925)
Epoch: [57][2430/5005]	Time 0.929 (2.277)	Data 0.507 (1.808)	Loss 1.2752 (1.1860)	Acc@1 66.406 (71.735)	Acc@5 87.500 (88.926)
Epoch: [57][2440/5005]	Time 1.203 (2.278)	Data 0.785 (1.809)	Loss 1.2219 (1.1861)	Acc@1 72.266 (71.735)	Acc@5 87.500 (88.925)
Epoch: [57][2450/5005]	Time 1.128 (2.277)	Data 0.553 (1.808)	Loss 1.1847 (1.1860)	Acc@1 71.484 (71.735)	Acc@5 90.625 (88.930)
Epoch: [57][2460/5005]	Time 3.004 (2.279)	Data 2.570 (1.810)	Loss 1.2781 (1.1860)	Acc@1 70.703 (71.735)	Acc@5 87.109 (88.931)
Epoch: [57][2470/5005]	Time 2.186 (2.278)	Data 1.803 (1.809)	Loss 0.9668 (1.1856)	Acc@1 77.734 (71.740)	Acc@5 92.969 (88.938)
Epoch: [57][2480/5005]	Time 3.106 (2.279)	Data 2.671 (1.810)	Loss 1.4233 (1.1859)	Acc@1 65.625 (71.733)	Acc@5 85.938 (88.934)
Epoch: [57][2490/5005]	Time 3.029 (2.278)	Data 2.591 (1.809)	Loss 1.2651 (1.1858)	Acc@1 69.141 (71.733)	Acc@5 87.500 (88.938)
Epoch: [57][2500/5005]	Time 1.934 (2.279)	Data 1.481 (1.810)	Loss 1.0772 (1.1855)	Acc@1 74.219 (71.736)	Acc@5 91.016 (88.941)
Epoch: [57][2510/5005]	Time 2.563 (2.278)	Data 2.143 (1.810)	Loss 1.3350 (1.1855)	Acc@1 68.359 (71.739)	Acc@5 89.453 (88.944)
Epoch: [57][2520/5005]	Time 1.932 (2.279)	Data 1.345 (1.810)	Loss 1.2864 (1.1856)	Acc@1 68.359 (71.734)	Acc@5 88.672 (88.944)
Epoch: [57][2530/5005]	Time 3.958 (2.278)	Data 3.525 (1.810)	Loss 1.1360 (1.1855)	Acc@1 71.484 (71.736)	Acc@5 89.453 (88.946)
Epoch: [57][2540/5005]	Time 1.544 (2.279)	Data 1.091 (1.810)	Loss 1.0928 (1.1857)	Acc@1 73.438 (71.728)	Acc@5 90.234 (88.947)
Epoch: [57][2550/5005]	Time 2.991 (2.278)	Data 2.536 (1.810)	Loss 1.0233 (1.1855)	Acc@1 73.438 (71.730)	Acc@5 91.406 (88.949)
Epoch: [57][2560/5005]	Time 2.508 (2.279)	Data 2.045 (1.811)	Loss 1.1263 (1.1857)	Acc@1 72.266 (71.726)	Acc@5 90.234 (88.949)
Epoch: [57][2570/5005]	Time 3.457 (2.279)	Data 3.062 (1.810)	Loss 1.5104 (1.1858)	Acc@1 65.625 (71.726)	Acc@5 83.203 (88.946)
Epoch: [57][2580/5005]	Time 2.514 (2.279)	Data 2.064 (1.812)	Loss 1.1284 (1.1861)	Acc@1 74.609 (71.721)	Acc@5 88.281 (88.941)
Epoch: [57][2590/5005]	Time 2.585 (2.279)	Data 2.182 (1.811)	Loss 1.1230 (1.1861)	Acc@1 74.219 (71.720)	Acc@5 89.062 (88.939)
Epoch: [57][2600/5005]	Time 2.132 (2.280)	Data 1.718 (1.812)	Loss 1.0977 (1.1860)	Acc@1 74.219 (71.722)	Acc@5 90.234 (88.940)
Epoch: [57][2610/5005]	Time 2.447 (2.279)	Data 1.987 (1.812)	Loss 0.9815 (1.1859)	Acc@1 73.828 (71.722)	Acc@5 91.797 (88.941)
Epoch: [57][2620/5005]	Time 2.534 (2.280)	Data 1.993 (1.812)	Loss 1.3297 (1.1860)	Acc@1 69.531 (71.717)	Acc@5 85.938 (88.939)
Epoch: [57][2630/5005]	Time 3.478 (2.280)	Data 3.036 (1.812)	Loss 1.2274 (1.1860)	Acc@1 70.312 (71.717)	Acc@5 87.500 (88.938)
Epoch: [57][2640/5005]	Time 2.792 (2.280)	Data 2.373 (1.812)	Loss 1.2223 (1.1862)	Acc@1 67.578 (71.712)	Acc@5 86.719 (88.935)
Epoch: [57][2650/5005]	Time 2.112 (2.279)	Data 1.703 (1.812)	Loss 1.1915 (1.1861)	Acc@1 74.609 (71.714)	Acc@5 89.844 (88.935)
Epoch: [57][2660/5005]	Time 3.344 (2.280)	Data 2.913 (1.813)	Loss 1.3069 (1.1864)	Acc@1 68.359 (71.706)	Acc@5 88.281 (88.933)
Epoch: [57][2670/5005]	Time 1.412 (2.280)	Data 0.970 (1.812)	Loss 0.9909 (1.1866)	Acc@1 77.344 (71.704)	Acc@5 92.578 (88.926)
Epoch: [57][2680/5005]	Time 3.218 (2.281)	Data 2.758 (1.813)	Loss 1.2874 (1.1865)	Acc@1 70.312 (71.707)	Acc@5 85.547 (88.924)
Epoch: [57][2690/5005]	Time 1.071 (2.280)	Data 0.650 (1.813)	Loss 1.1475 (1.1866)	Acc@1 73.438 (71.707)	Acc@5 89.062 (88.925)
Epoch: [57][2700/5005]	Time 3.285 (2.281)	Data 2.835 (1.814)	Loss 1.3411 (1.1866)	Acc@1 71.875 (71.709)	Acc@5 84.375 (88.926)
Epoch: [57][2710/5005]	Time 0.389 (2.280)	Data 0.000 (1.813)	Loss 1.1258 (1.1867)	Acc@1 73.047 (71.705)	Acc@5 89.453 (88.925)
Epoch: [57][2720/5005]	Time 5.523 (2.282)	Data 4.946 (1.814)	Loss 1.3229 (1.1866)	Acc@1 68.750 (71.709)	Acc@5 87.500 (88.927)
Epoch: [57][2730/5005]	Time 0.467 (2.280)	Data 0.000 (1.813)	Loss 1.0727 (1.1866)	Acc@1 73.828 (71.709)	Acc@5 90.234 (88.926)
Epoch: [57][2740/5005]	Time 5.054 (2.281)	Data 4.590 (1.814)	Loss 1.2389 (1.1867)	Acc@1 69.141 (71.704)	Acc@5 86.328 (88.925)
Epoch: [57][2750/5005]	Time 0.438 (2.281)	Data 0.000 (1.814)	Loss 1.1756 (1.1870)	Acc@1 72.656 (71.699)	Acc@5 91.016 (88.920)
Epoch: [57][2760/5005]	Time 4.753 (2.281)	Data 4.343 (1.814)	Loss 1.3951 (1.1869)	Acc@1 68.359 (71.700)	Acc@5 85.938 (88.922)
Epoch: [57][2770/5005]	Time 0.653 (2.281)	Data 0.168 (1.814)	Loss 1.2447 (1.1870)	Acc@1 71.875 (71.698)	Acc@5 87.891 (88.915)
Epoch: [57][2780/5005]	Time 3.611 (2.281)	Data 3.146 (1.813)	Loss 1.1146 (1.1870)	Acc@1 73.828 (71.700)	Acc@5 89.844 (88.917)
Epoch: [57][2790/5005]	Time 0.600 (2.281)	Data 0.009 (1.813)	Loss 1.0390 (1.1871)	Acc@1 72.656 (71.697)	Acc@5 91.797 (88.917)
Epoch: [57][2800/5005]	Time 1.963 (2.281)	Data 1.561 (1.813)	Loss 1.1902 (1.1870)	Acc@1 70.703 (71.697)	Acc@5 89.453 (88.919)
Epoch: [57][2810/5005]	Time 0.481 (2.281)	Data 0.000 (1.814)	Loss 1.0549 (1.1869)	Acc@1 75.391 (71.699)	Acc@5 91.797 (88.920)
Epoch: [57][2820/5005]	Time 2.477 (2.281)	Data 2.025 (1.813)	Loss 1.1057 (1.1869)	Acc@1 73.047 (71.695)	Acc@5 89.844 (88.921)
Epoch: [57][2830/5005]	Time 0.519 (2.282)	Data 0.000 (1.814)	Loss 1.2022 (1.1870)	Acc@1 66.406 (71.692)	Acc@5 92.188 (88.922)
Epoch: [57][2840/5005]	Time 1.851 (2.281)	Data 1.393 (1.814)	Loss 1.0506 (1.1870)	Acc@1 74.219 (71.697)	Acc@5 91.406 (88.924)
Epoch: [57][2850/5005]	Time 0.384 (2.282)	Data 0.000 (1.815)	Loss 1.1163 (1.1869)	Acc@1 71.094 (71.695)	Acc@5 89.062 (88.925)
Epoch: [57][2860/5005]	Time 1.550 (2.282)	Data 1.102 (1.814)	Loss 0.9935 (1.1870)	Acc@1 79.297 (71.694)	Acc@5 89.453 (88.923)
Epoch: [57][2870/5005]	Time 0.415 (2.282)	Data 0.000 (1.815)	Loss 1.1637 (1.1870)	Acc@1 71.875 (71.696)	Acc@5 87.891 (88.921)
Epoch: [57][2880/5005]	Time 3.019 (2.282)	Data 2.519 (1.815)	Loss 1.1962 (1.1869)	Acc@1 74.609 (71.696)	Acc@5 87.500 (88.922)
Epoch: [57][2890/5005]	Time 0.422 (2.282)	Data 0.000 (1.815)	Loss 1.1123 (1.1867)	Acc@1 71.484 (71.697)	Acc@5 89.844 (88.925)
Epoch: [57][2900/5005]	Time 2.935 (2.282)	Data 2.560 (1.815)	Loss 1.2653 (1.1867)	Acc@1 71.094 (71.698)	Acc@5 87.891 (88.924)
Epoch: [57][2910/5005]	Time 0.460 (2.282)	Data 0.000 (1.815)	Loss 1.0098 (1.1864)	Acc@1 74.609 (71.704)	Acc@5 91.797 (88.930)
Epoch: [57][2920/5005]	Time 2.841 (2.282)	Data 2.355 (1.815)	Loss 1.0081 (1.1862)	Acc@1 74.609 (71.706)	Acc@5 91.797 (88.933)
Epoch: [57][2930/5005]	Time 0.586 (2.283)	Data 0.000 (1.816)	Loss 1.1067 (1.1861)	Acc@1 73.438 (71.708)	Acc@5 90.234 (88.935)
Epoch: [57][2940/5005]	Time 2.268 (2.283)	Data 1.876 (1.816)	Loss 1.1904 (1.1862)	Acc@1 74.219 (71.709)	Acc@5 85.547 (88.934)
Epoch: [57][2950/5005]	Time 0.449 (2.283)	Data 0.000 (1.816)	Loss 1.1200 (1.1859)	Acc@1 76.953 (71.716)	Acc@5 91.406 (88.936)
Epoch: [57][2960/5005]	Time 3.079 (2.283)	Data 2.674 (1.816)	Loss 0.9889 (1.1859)	Acc@1 76.953 (71.718)	Acc@5 91.016 (88.937)
Epoch: [57][2970/5005]	Time 0.502 (2.283)	Data 0.000 (1.816)	Loss 1.4036 (1.1861)	Acc@1 68.750 (71.715)	Acc@5 87.109 (88.935)
Epoch: [57][2980/5005]	Time 3.750 (2.283)	Data 3.333 (1.817)	Loss 1.1167 (1.1860)	Acc@1 72.656 (71.717)	Acc@5 90.234 (88.935)
Epoch: [57][2990/5005]	Time 0.418 (2.282)	Data 0.000 (1.816)	Loss 1.0090 (1.1860)	Acc@1 75.000 (71.720)	Acc@5 92.188 (88.934)
Epoch: [57][3000/5005]	Time 2.788 (2.283)	Data 2.317 (1.817)	Loss 0.9705 (1.1858)	Acc@1 76.562 (71.724)	Acc@5 92.969 (88.937)
Epoch: [57][3010/5005]	Time 0.573 (2.283)	Data 0.000 (1.816)	Loss 1.2296 (1.1860)	Acc@1 70.312 (71.721)	Acc@5 90.234 (88.936)
Epoch: [57][3020/5005]	Time 2.720 (2.283)	Data 2.303 (1.817)	Loss 1.1185 (1.1860)	Acc@1 73.828 (71.723)	Acc@5 89.062 (88.935)
Epoch: [57][3030/5005]	Time 1.616 (2.283)	Data 1.160 (1.817)	Loss 1.3325 (1.1858)	Acc@1 69.141 (71.728)	Acc@5 85.938 (88.936)
Epoch: [57][3040/5005]	Time 2.330 (2.283)	Data 1.949 (1.817)	Loss 1.1245 (1.1857)	Acc@1 75.781 (71.731)	Acc@5 89.453 (88.939)
Epoch: [57][3050/5005]	Time 1.390 (2.283)	Data 0.952 (1.817)	Loss 1.2761 (1.1857)	Acc@1 68.359 (71.727)	Acc@5 87.109 (88.939)
Epoch: [57][3060/5005]	Time 0.942 (2.283)	Data 0.547 (1.817)	Loss 1.1339 (1.1859)	Acc@1 72.656 (71.723)	Acc@5 88.672 (88.936)
Epoch: [57][3070/5005]	Time 1.651 (2.283)	Data 1.194 (1.817)	Loss 1.0816 (1.1860)	Acc@1 75.000 (71.719)	Acc@5 90.625 (88.935)
Epoch: [57][3080/5005]	Time 0.893 (2.283)	Data 0.446 (1.818)	Loss 1.4690 (1.1864)	Acc@1 67.578 (71.712)	Acc@5 84.375 (88.929)
Epoch: [57][3090/5005]	Time 2.081 (2.283)	Data 1.679 (1.817)	Loss 1.1967 (1.1865)	Acc@1 73.438 (71.709)	Acc@5 87.891 (88.928)
Epoch: [57][3100/5005]	Time 0.445 (2.284)	Data 0.000 (1.818)	Loss 1.1932 (1.1864)	Acc@1 73.438 (71.714)	Acc@5 89.453 (88.931)
Epoch: [57][3110/5005]	Time 1.670 (2.283)	Data 1.196 (1.818)	Loss 1.2243 (1.1866)	Acc@1 70.703 (71.710)	Acc@5 89.453 (88.928)
Epoch: [57][3120/5005]	Time 0.466 (2.284)	Data 0.093 (1.818)	Loss 1.1448 (1.1865)	Acc@1 74.609 (71.713)	Acc@5 88.672 (88.929)
Epoch: [57][3130/5005]	Time 1.926 (2.284)	Data 1.479 (1.818)	Loss 1.2929 (1.1865)	Acc@1 67.578 (71.710)	Acc@5 86.328 (88.928)
Epoch: [57][3140/5005]	Time 1.720 (2.284)	Data 1.301 (1.818)	Loss 1.1231 (1.1869)	Acc@1 73.438 (71.702)	Acc@5 90.625 (88.922)
Epoch: [57][3150/5005]	Time 2.921 (2.284)	Data 2.317 (1.819)	Loss 1.0497 (1.1870)	Acc@1 74.609 (71.699)	Acc@5 90.625 (88.920)
Epoch: [57][3160/5005]	Time 2.717 (2.284)	Data 2.289 (1.819)	Loss 1.3027 (1.1873)	Acc@1 67.969 (71.692)	Acc@5 87.500 (88.915)
Epoch: [57][3170/5005]	Time 3.469 (2.284)	Data 3.040 (1.819)	Loss 1.2986 (1.1872)	Acc@1 67.188 (71.694)	Acc@5 85.156 (88.917)
Epoch: [57][3180/5005]	Time 2.092 (2.284)	Data 1.662 (1.819)	Loss 1.2842 (1.1872)	Acc@1 70.312 (71.692)	Acc@5 88.672 (88.916)
Epoch: [57][3190/5005]	Time 3.212 (2.284)	Data 2.818 (1.819)	Loss 1.3783 (1.1872)	Acc@1 71.094 (71.692)	Acc@5 85.156 (88.917)
Epoch: [57][3200/5005]	Time 4.581 (2.285)	Data 4.203 (1.819)	Loss 1.2447 (1.1872)	Acc@1 69.531 (71.692)	Acc@5 87.891 (88.915)
Epoch: [57][3210/5005]	Time 3.304 (2.284)	Data 2.852 (1.819)	Loss 1.1418 (1.1872)	Acc@1 72.656 (71.691)	Acc@5 89.844 (88.916)
Epoch: [57][3220/5005]	Time 3.291 (2.284)	Data 2.842 (1.819)	Loss 1.2666 (1.1873)	Acc@1 70.312 (71.689)	Acc@5 89.453 (88.914)
Epoch: [57][3230/5005]	Time 1.770 (2.284)	Data 1.348 (1.819)	Loss 1.2786 (1.1875)	Acc@1 65.234 (71.687)	Acc@5 88.672 (88.913)
Epoch: [57][3240/5005]	Time 2.821 (2.285)	Data 2.350 (1.819)	Loss 1.0370 (1.1874)	Acc@1 73.438 (71.686)	Acc@5 90.625 (88.913)
Epoch: [57][3250/5005]	Time 2.058 (2.284)	Data 1.653 (1.819)	Loss 1.2101 (1.1874)	Acc@1 70.703 (71.685)	Acc@5 88.281 (88.912)
Epoch: [57][3260/5005]	Time 3.121 (2.284)	Data 2.692 (1.820)	Loss 0.9476 (1.1874)	Acc@1 76.953 (71.685)	Acc@5 89.844 (88.913)
Epoch: [57][3270/5005]	Time 1.953 (2.284)	Data 1.483 (1.819)	Loss 1.1721 (1.1873)	Acc@1 73.047 (71.689)	Acc@5 91.016 (88.913)
Epoch: [57][3280/5005]	Time 4.274 (2.285)	Data 3.719 (1.820)	Loss 1.0378 (1.1872)	Acc@1 73.828 (71.694)	Acc@5 90.625 (88.913)
Epoch: [57][3290/5005]	Time 1.516 (2.284)	Data 1.076 (1.819)	Loss 1.1683 (1.1873)	Acc@1 70.703 (71.693)	Acc@5 87.500 (88.913)
Epoch: [57][3300/5005]	Time 2.938 (2.285)	Data 2.468 (1.820)	Loss 1.1942 (1.1871)	Acc@1 69.141 (71.695)	Acc@5 91.016 (88.914)
Epoch: [57][3310/5005]	Time 1.230 (2.284)	Data 0.856 (1.820)	Loss 1.0023 (1.1871)	Acc@1 75.000 (71.694)	Acc@5 92.578 (88.915)
Epoch: [57][3320/5005]	Time 2.069 (2.285)	Data 1.644 (1.820)	Loss 1.2036 (1.1872)	Acc@1 70.703 (71.692)	Acc@5 89.062 (88.914)
Epoch: [57][3330/5005]	Time 0.579 (2.285)	Data 0.000 (1.820)	Loss 1.4058 (1.1874)	Acc@1 67.188 (71.689)	Acc@5 87.109 (88.910)
Epoch: [57][3340/5005]	Time 3.621 (2.286)	Data 3.037 (1.821)	Loss 1.2720 (1.1875)	Acc@1 71.094 (71.687)	Acc@5 87.891 (88.908)
Epoch: [57][3350/5005]	Time 0.368 (2.285)	Data 0.000 (1.820)	Loss 1.1452 (1.1874)	Acc@1 75.000 (71.692)	Acc@5 87.891 (88.910)
Epoch: [57][3360/5005]	Time 4.391 (2.286)	Data 3.848 (1.821)	Loss 1.0544 (1.1872)	Acc@1 72.266 (71.695)	Acc@5 91.016 (88.912)
Epoch: [57][3370/5005]	Time 0.428 (2.285)	Data 0.000 (1.821)	Loss 1.0773 (1.1872)	Acc@1 74.219 (71.696)	Acc@5 90.625 (88.913)
Epoch: [57][3380/5005]	Time 6.538 (2.287)	Data 6.111 (1.822)	Loss 1.2527 (1.1872)	Acc@1 69.141 (71.695)	Acc@5 86.328 (88.912)
Epoch: [57][3390/5005]	Time 0.389 (2.286)	Data 0.000 (1.821)	Loss 1.3678 (1.1873)	Acc@1 65.234 (71.693)	Acc@5 86.328 (88.910)
Epoch: [57][3400/5005]	Time 6.544 (2.287)	Data 6.093 (1.823)	Loss 1.2799 (1.1874)	Acc@1 66.797 (71.691)	Acc@5 89.453 (88.909)
Epoch: [57][3410/5005]	Time 0.422 (2.286)	Data 0.000 (1.822)	Loss 1.3258 (1.1874)	Acc@1 69.531 (71.688)	Acc@5 88.281 (88.910)
Epoch: [57][3420/5005]	Time 6.731 (2.287)	Data 6.354 (1.823)	Loss 1.1774 (1.1875)	Acc@1 71.875 (71.684)	Acc@5 89.062 (88.908)
Epoch: [57][3430/5005]	Time 0.391 (2.286)	Data 0.000 (1.822)	Loss 1.1605 (1.1876)	Acc@1 72.656 (71.681)	Acc@5 89.453 (88.908)
Epoch: [57][3440/5005]	Time 5.637 (2.288)	Data 5.169 (1.823)	Loss 1.1306 (1.1875)	Acc@1 74.609 (71.681)	Acc@5 89.453 (88.910)
Epoch: [57][3450/5005]	Time 0.365 (2.287)	Data 0.000 (1.822)	Loss 1.3637 (1.1877)	Acc@1 69.141 (71.676)	Acc@5 85.938 (88.907)
Epoch: [57][3460/5005]	Time 5.672 (2.288)	Data 5.236 (1.824)	Loss 1.0589 (1.1877)	Acc@1 74.219 (71.678)	Acc@5 91.406 (88.908)
Epoch: [57][3470/5005]	Time 0.425 (2.287)	Data 0.000 (1.823)	Loss 1.1617 (1.1878)	Acc@1 70.312 (71.674)	Acc@5 89.844 (88.907)
Epoch: [57][3480/5005]	Time 5.066 (2.288)	Data 4.617 (1.824)	Loss 1.0200 (1.1877)	Acc@1 73.828 (71.674)	Acc@5 91.406 (88.909)
Epoch: [57][3490/5005]	Time 0.413 (2.287)	Data 0.000 (1.823)	Loss 1.1367 (1.1877)	Acc@1 71.875 (71.674)	Acc@5 87.891 (88.910)
Epoch: [57][3500/5005]	Time 5.536 (2.288)	Data 5.067 (1.824)	Loss 1.0719 (1.1877)	Acc@1 75.391 (71.676)	Acc@5 91.406 (88.910)
Epoch: [57][3510/5005]	Time 0.418 (2.287)	Data 0.000 (1.823)	Loss 1.3003 (1.1876)	Acc@1 68.359 (71.678)	Acc@5 88.672 (88.911)
Epoch: [57][3520/5005]	Time 4.880 (2.288)	Data 4.441 (1.825)	Loss 1.0961 (1.1876)	Acc@1 73.438 (71.678)	Acc@5 91.016 (88.909)
Epoch: [57][3530/5005]	Time 0.429 (2.287)	Data 0.000 (1.824)	Loss 0.9186 (1.1876)	Acc@1 79.297 (71.676)	Acc@5 92.969 (88.911)
Epoch: [57][3540/5005]	Time 4.412 (2.288)	Data 3.978 (1.825)	Loss 1.1389 (1.1876)	Acc@1 72.266 (71.676)	Acc@5 89.844 (88.911)
Epoch: [57][3550/5005]	Time 0.384 (2.288)	Data 0.000 (1.824)	Loss 1.1076 (1.1877)	Acc@1 73.828 (71.676)	Acc@5 89.062 (88.910)
Epoch: [57][3560/5005]	Time 6.209 (2.289)	Data 5.799 (1.825)	Loss 1.3341 (1.1879)	Acc@1 67.578 (71.671)	Acc@5 85.938 (88.906)
Epoch: [57][3570/5005]	Time 0.451 (2.288)	Data 0.000 (1.825)	Loss 1.1302 (1.1879)	Acc@1 71.094 (71.669)	Acc@5 89.453 (88.906)
Epoch: [57][3580/5005]	Time 6.446 (2.289)	Data 6.017 (1.826)	Loss 1.2778 (1.1878)	Acc@1 71.875 (71.669)	Acc@5 87.500 (88.909)
Epoch: [57][3590/5005]	Time 0.448 (2.288)	Data 0.000 (1.825)	Loss 1.1860 (1.1876)	Acc@1 73.438 (71.673)	Acc@5 87.891 (88.912)
Epoch: [57][3600/5005]	Time 7.262 (2.290)	Data 6.817 (1.826)	Loss 0.9938 (1.1876)	Acc@1 76.562 (71.673)	Acc@5 89.844 (88.913)
Epoch: [57][3610/5005]	Time 0.482 (2.288)	Data 0.000 (1.825)	Loss 1.2178 (1.1876)	Acc@1 69.531 (71.673)	Acc@5 87.109 (88.914)
Epoch: [57][3620/5005]	Time 6.237 (2.289)	Data 5.801 (1.826)	Loss 1.4513 (1.1878)	Acc@1 66.016 (71.667)	Acc@5 85.156 (88.911)
Epoch: [57][3630/5005]	Time 0.431 (2.289)	Data 0.000 (1.825)	Loss 1.2934 (1.1878)	Acc@1 69.141 (71.668)	Acc@5 86.719 (88.912)
Epoch: [57][3640/5005]	Time 6.770 (2.289)	Data 6.312 (1.826)	Loss 1.0163 (1.1876)	Acc@1 73.828 (71.671)	Acc@5 91.797 (88.916)
Epoch: [57][3650/5005]	Time 0.472 (2.289)	Data 0.000 (1.826)	Loss 1.0059 (1.1877)	Acc@1 76.953 (71.668)	Acc@5 91.016 (88.913)
Epoch: [57][3660/5005]	Time 8.176 (2.290)	Data 7.538 (1.827)	Loss 1.1611 (1.1878)	Acc@1 71.484 (71.665)	Acc@5 89.453 (88.914)
Epoch: [57][3670/5005]	Time 0.353 (2.289)	Data 0.000 (1.826)	Loss 0.9668 (1.1879)	Acc@1 74.219 (71.663)	Acc@5 91.016 (88.912)
Epoch: [57][3680/5005]	Time 6.160 (2.290)	Data 5.735 (1.827)	Loss 1.2847 (1.1879)	Acc@1 72.266 (71.664)	Acc@5 87.891 (88.911)
Epoch: [57][3690/5005]	Time 0.355 (2.289)	Data 0.000 (1.826)	Loss 1.2576 (1.1879)	Acc@1 72.266 (71.664)	Acc@5 88.281 (88.911)
Epoch: [57][3700/5005]	Time 7.172 (2.290)	Data 6.703 (1.827)	Loss 1.1658 (1.1879)	Acc@1 73.047 (71.667)	Acc@5 87.891 (88.913)
Epoch: [57][3710/5005]	Time 0.466 (2.289)	Data 0.000 (1.826)	Loss 1.0829 (1.1877)	Acc@1 75.000 (71.672)	Acc@5 92.969 (88.917)
Epoch: [57][3720/5005]	Time 6.636 (2.290)	Data 6.207 (1.827)	Loss 1.0914 (1.1878)	Acc@1 75.000 (71.667)	Acc@5 90.234 (88.915)
Epoch: [57][3730/5005]	Time 0.425 (2.289)	Data 0.000 (1.826)	Loss 1.0419 (1.1879)	Acc@1 72.656 (71.667)	Acc@5 89.453 (88.914)
Epoch: [57][3740/5005]	Time 7.309 (2.290)	Data 6.774 (1.827)	Loss 1.4755 (1.1879)	Acc@1 69.922 (71.668)	Acc@5 84.375 (88.914)
Epoch: [57][3750/5005]	Time 0.402 (2.289)	Data 0.000 (1.827)	Loss 1.2660 (1.1879)	Acc@1 69.922 (71.667)	Acc@5 87.891 (88.914)
Epoch: [57][3760/5005]	Time 6.341 (2.290)	Data 5.954 (1.828)	Loss 1.2566 (1.1879)	Acc@1 72.266 (71.666)	Acc@5 88.672 (88.915)
Epoch: [57][3770/5005]	Time 0.488 (2.289)	Data 0.000 (1.827)	Loss 1.4060 (1.1879)	Acc@1 67.188 (71.666)	Acc@5 85.156 (88.914)
Epoch: [57][3780/5005]	Time 6.251 (2.291)	Data 5.842 (1.828)	Loss 1.2122 (1.1878)	Acc@1 71.484 (71.668)	Acc@5 87.891 (88.914)
Epoch: [57][3790/5005]	Time 0.368 (2.290)	Data 0.000 (1.827)	Loss 0.9456 (1.1878)	Acc@1 76.953 (71.668)	Acc@5 92.188 (88.914)
Epoch: [57][3800/5005]	Time 7.429 (2.291)	Data 6.997 (1.828)	Loss 1.2667 (1.1878)	Acc@1 71.094 (71.669)	Acc@5 86.719 (88.913)
Epoch: [57][3810/5005]	Time 0.414 (2.290)	Data 0.000 (1.827)	Loss 1.2363 (1.1878)	Acc@1 72.266 (71.670)	Acc@5 85.547 (88.915)
Epoch: [57][3820/5005]	Time 7.071 (2.291)	Data 6.625 (1.828)	Loss 1.2834 (1.1880)	Acc@1 71.094 (71.665)	Acc@5 89.844 (88.913)
Epoch: [57][3830/5005]	Time 0.461 (2.290)	Data 0.000 (1.827)	Loss 1.1621 (1.1881)	Acc@1 73.828 (71.661)	Acc@5 89.844 (88.911)
Epoch: [57][3840/5005]	Time 7.276 (2.291)	Data 6.879 (1.828)	Loss 1.3086 (1.1882)	Acc@1 68.750 (71.660)	Acc@5 84.766 (88.909)
Epoch: [57][3850/5005]	Time 0.391 (2.290)	Data 0.000 (1.827)	Loss 1.1384 (1.1882)	Acc@1 73.828 (71.662)	Acc@5 90.234 (88.909)
Epoch: [57][3860/5005]	Time 7.432 (2.291)	Data 7.001 (1.828)	Loss 1.1967 (1.1882)	Acc@1 75.000 (71.659)	Acc@5 88.672 (88.909)
Epoch: [57][3870/5005]	Time 0.556 (2.290)	Data 0.000 (1.827)	Loss 0.9892 (1.1882)	Acc@1 71.875 (71.657)	Acc@5 93.750 (88.909)
Epoch: [57][3880/5005]	Time 7.401 (2.291)	Data 6.909 (1.829)	Loss 1.3106 (1.1882)	Acc@1 70.312 (71.658)	Acc@5 87.500 (88.910)
Epoch: [57][3890/5005]	Time 0.485 (2.290)	Data 0.000 (1.827)	Loss 1.2530 (1.1882)	Acc@1 69.922 (71.658)	Acc@5 88.672 (88.910)
Epoch: [57][3900/5005]	Time 7.341 (2.291)	Data 6.914 (1.828)	Loss 1.3238 (1.1882)	Acc@1 68.359 (71.658)	Acc@5 86.719 (88.909)
Epoch: [57][3910/5005]	Time 0.433 (2.290)	Data 0.000 (1.827)	Loss 1.3544 (1.1884)	Acc@1 67.969 (71.655)	Acc@5 86.719 (88.907)
Epoch: [57][3920/5005]	Time 7.282 (2.291)	Data 6.840 (1.829)	Loss 1.3330 (1.1885)	Acc@1 68.359 (71.652)	Acc@5 86.719 (88.905)
Epoch: [57][3930/5005]	Time 0.381 (2.290)	Data 0.000 (1.828)	Loss 1.2288 (1.1885)	Acc@1 69.141 (71.652)	Acc@5 87.891 (88.906)
Epoch: [57][3940/5005]	Time 6.972 (2.291)	Data 6.548 (1.828)	Loss 1.1817 (1.1885)	Acc@1 70.312 (71.651)	Acc@5 89.062 (88.905)
Epoch: [57][3950/5005]	Time 0.473 (2.290)	Data 0.000 (1.828)	Loss 1.2091 (1.1887)	Acc@1 69.531 (71.645)	Acc@5 87.891 (88.902)
Epoch: [57][3960/5005]	Time 6.608 (2.291)	Data 6.141 (1.829)	Loss 1.3567 (1.1887)	Acc@1 67.188 (71.643)	Acc@5 85.547 (88.903)
Epoch: [57][3970/5005]	Time 0.456 (2.290)	Data 0.000 (1.828)	Loss 1.0952 (1.1887)	Acc@1 74.219 (71.641)	Acc@5 90.234 (88.904)
Epoch: [57][3980/5005]	Time 6.791 (2.291)	Data 6.326 (1.829)	Loss 0.9914 (1.1886)	Acc@1 74.609 (71.643)	Acc@5 91.016 (88.904)
Epoch: [57][3990/5005]	Time 0.490 (2.290)	Data 0.000 (1.828)	Loss 1.0437 (1.1885)	Acc@1 73.047 (71.642)	Acc@5 91.016 (88.906)
Epoch: [57][4000/5005]	Time 7.711 (2.292)	Data 6.958 (1.829)	Loss 1.2839 (1.1886)	Acc@1 69.141 (71.641)	Acc@5 86.719 (88.905)
Epoch: [57][4010/5005]	Time 0.420 (2.291)	Data 0.000 (1.828)	Loss 1.3546 (1.1887)	Acc@1 69.141 (71.637)	Acc@5 84.766 (88.903)
Epoch: [57][4020/5005]	Time 7.643 (2.292)	Data 7.166 (1.829)	Loss 1.4485 (1.1887)	Acc@1 66.797 (71.637)	Acc@5 83.594 (88.901)
Epoch: [57][4030/5005]	Time 0.573 (2.291)	Data 0.000 (1.828)	Loss 1.0783 (1.1887)	Acc@1 74.219 (71.639)	Acc@5 92.578 (88.902)
Epoch: [57][4040/5005]	Time 8.192 (2.292)	Data 7.811 (1.829)	Loss 1.1656 (1.1887)	Acc@1 71.484 (71.642)	Acc@5 88.672 (88.903)
Epoch: [57][4050/5005]	Time 0.361 (2.291)	Data 0.000 (1.828)	Loss 1.1925 (1.1887)	Acc@1 71.094 (71.641)	Acc@5 90.625 (88.905)
Epoch: [57][4060/5005]	Time 7.500 (2.292)	Data 7.106 (1.829)	Loss 1.4447 (1.1888)	Acc@1 67.578 (71.640)	Acc@5 85.156 (88.903)
Epoch: [57][4070/5005]	Time 0.416 (2.291)	Data 0.000 (1.828)	Loss 1.2951 (1.1889)	Acc@1 69.141 (71.637)	Acc@5 87.891 (88.904)
Epoch: [57][4080/5005]	Time 8.590 (2.292)	Data 8.119 (1.830)	Loss 1.2705 (1.1889)	Acc@1 69.141 (71.633)	Acc@5 85.938 (88.903)
Epoch: [57][4090/5005]	Time 0.393 (2.291)	Data 0.000 (1.829)	Loss 1.0817 (1.1888)	Acc@1 73.828 (71.636)	Acc@5 88.672 (88.903)
Epoch: [57][4100/5005]	Time 7.867 (2.292)	Data 7.512 (1.830)	Loss 1.0367 (1.1888)	Acc@1 76.172 (71.638)	Acc@5 91.016 (88.904)
Epoch: [57][4110/5005]	Time 0.367 (2.291)	Data 0.000 (1.829)	Loss 1.0043 (1.1889)	Acc@1 78.516 (71.638)	Acc@5 89.844 (88.902)
Epoch: [57][4120/5005]	Time 8.044 (2.292)	Data 7.643 (1.830)	Loss 1.1501 (1.1887)	Acc@1 71.875 (71.641)	Acc@5 89.062 (88.904)
Epoch: [57][4130/5005]	Time 0.433 (2.291)	Data 0.000 (1.829)	Loss 1.3999 (1.1888)	Acc@1 64.062 (71.639)	Acc@5 85.938 (88.902)
Epoch: [57][4140/5005]	Time 7.073 (2.292)	Data 6.632 (1.829)	Loss 1.2999 (1.1888)	Acc@1 71.875 (71.639)	Acc@5 87.500 (88.901)
Epoch: [57][4150/5005]	Time 0.402 (2.291)	Data 0.000 (1.828)	Loss 1.2151 (1.1890)	Acc@1 72.266 (71.635)	Acc@5 87.891 (88.898)
Epoch: [57][4160/5005]	Time 7.391 (2.292)	Data 6.941 (1.829)	Loss 1.4095 (1.1891)	Acc@1 61.328 (71.633)	Acc@5 87.500 (88.898)
Epoch: [57][4170/5005]	Time 0.443 (2.291)	Data 0.000 (1.828)	Loss 1.0994 (1.1890)	Acc@1 71.484 (71.633)	Acc@5 90.234 (88.899)
Epoch: [57][4180/5005]	Time 7.029 (2.292)	Data 6.555 (1.829)	Loss 1.1330 (1.1890)	Acc@1 70.703 (71.631)	Acc@5 90.625 (88.899)
Epoch: [57][4190/5005]	Time 0.494 (2.291)	Data 0.000 (1.829)	Loss 1.1827 (1.1889)	Acc@1 70.312 (71.630)	Acc@5 86.719 (88.899)
Epoch: [57][4200/5005]	Time 6.124 (2.292)	Data 5.781 (1.830)	Loss 1.1657 (1.1889)	Acc@1 71.484 (71.629)	Acc@5 91.016 (88.900)
Epoch: [57][4210/5005]	Time 0.430 (2.291)	Data 0.000 (1.829)	Loss 1.1297 (1.1889)	Acc@1 71.875 (71.630)	Acc@5 90.625 (88.900)
Epoch: [57][4220/5005]	Time 5.996 (2.292)	Data 5.589 (1.830)	Loss 1.0987 (1.1888)	Acc@1 74.219 (71.630)	Acc@5 91.016 (88.902)
Epoch: [57][4230/5005]	Time 0.477 (2.291)	Data 0.000 (1.829)	Loss 1.2021 (1.1888)	Acc@1 69.531 (71.628)	Acc@5 88.672 (88.901)
Epoch: [57][4240/5005]	Time 5.166 (2.292)	Data 4.692 (1.830)	Loss 1.1628 (1.1889)	Acc@1 71.484 (71.627)	Acc@5 89.453 (88.897)
Epoch: [57][4250/5005]	Time 0.406 (2.291)	Data 0.000 (1.829)	Loss 1.1975 (1.1890)	Acc@1 73.828 (71.628)	Acc@5 87.891 (88.896)
Epoch: [57][4260/5005]	Time 7.373 (2.292)	Data 6.922 (1.830)	Loss 1.1226 (1.1891)	Acc@1 71.875 (71.626)	Acc@5 90.625 (88.895)
Epoch: [57][4270/5005]	Time 0.385 (2.291)	Data 0.000 (1.829)	Loss 1.3454 (1.1892)	Acc@1 70.703 (71.625)	Acc@5 86.719 (88.894)
Epoch: [57][4280/5005]	Time 6.683 (2.292)	Data 6.271 (1.830)	Loss 1.2349 (1.1891)	Acc@1 70.312 (71.628)	Acc@5 89.453 (88.895)
Epoch: [57][4290/5005]	Time 0.419 (2.291)	Data 0.000 (1.830)	Loss 1.1749 (1.1892)	Acc@1 71.875 (71.626)	Acc@5 85.547 (88.892)
Epoch: [57][4300/5005]	Time 5.593 (2.292)	Data 5.165 (1.830)	Loss 1.2900 (1.1893)	Acc@1 74.609 (71.627)	Acc@5 86.719 (88.891)
Epoch: [57][4310/5005]	Time 0.529 (2.291)	Data 0.000 (1.830)	Loss 1.2142 (1.1893)	Acc@1 72.656 (71.627)	Acc@5 86.328 (88.892)
Epoch: [57][4320/5005]	Time 5.947 (2.292)	Data 5.374 (1.831)	Loss 1.1970 (1.1893)	Acc@1 71.484 (71.626)	Acc@5 89.062 (88.891)
Epoch: [57][4330/5005]	Time 0.370 (2.291)	Data 0.000 (1.830)	Loss 1.1283 (1.1894)	Acc@1 70.312 (71.625)	Acc@5 90.234 (88.890)
Epoch: [57][4340/5005]	Time 5.572 (2.292)	Data 5.099 (1.831)	Loss 1.1801 (1.1894)	Acc@1 69.922 (71.624)	Acc@5 88.281 (88.889)
Epoch: [57][4350/5005]	Time 0.457 (2.291)	Data 0.000 (1.830)	Loss 1.1973 (1.1895)	Acc@1 69.141 (71.620)	Acc@5 87.891 (88.888)
Epoch: [57][4360/5005]	Time 5.659 (2.292)	Data 5.252 (1.831)	Loss 1.2744 (1.1895)	Acc@1 67.578 (71.618)	Acc@5 88.281 (88.887)
Epoch: [57][4370/5005]	Time 0.415 (2.292)	Data 0.000 (1.830)	Loss 0.9739 (1.1895)	Acc@1 72.266 (71.617)	Acc@5 92.578 (88.887)
Epoch: [57][4380/5005]	Time 7.166 (2.293)	Data 6.626 (1.831)	Loss 1.3429 (1.1895)	Acc@1 67.188 (71.615)	Acc@5 85.938 (88.887)
Epoch: [57][4390/5005]	Time 0.493 (2.292)	Data 0.000 (1.830)	Loss 1.0667 (1.1896)	Acc@1 73.438 (71.616)	Acc@5 91.797 (88.887)
Epoch: [57][4400/5005]	Time 5.722 (2.293)	Data 5.228 (1.831)	Loss 1.2128 (1.1896)	Acc@1 71.094 (71.614)	Acc@5 89.844 (88.888)
Epoch: [57][4410/5005]	Time 0.471 (2.292)	Data 0.000 (1.831)	Loss 1.3572 (1.1898)	Acc@1 66.797 (71.609)	Acc@5 84.766 (88.884)
Epoch: [57][4420/5005]	Time 5.804 (2.293)	Data 5.321 (1.831)	Loss 0.9748 (1.1898)	Acc@1 78.125 (71.608)	Acc@5 90.625 (88.884)
Epoch: [57][4430/5005]	Time 0.442 (2.292)	Data 0.000 (1.831)	Loss 1.3157 (1.1900)	Acc@1 70.703 (71.603)	Acc@5 85.156 (88.882)
Epoch: [57][4440/5005]	Time 4.937 (2.293)	Data 4.526 (1.832)	Loss 1.1459 (1.1899)	Acc@1 73.047 (71.602)	Acc@5 88.672 (88.882)
Epoch: [57][4450/5005]	Time 0.452 (2.292)	Data 0.000 (1.831)	Loss 1.1381 (1.1900)	Acc@1 71.094 (71.599)	Acc@5 89.453 (88.881)
Epoch: [57][4460/5005]	Time 6.083 (2.293)	Data 5.575 (1.832)	Loss 1.0890 (1.1899)	Acc@1 75.000 (71.601)	Acc@5 89.453 (88.882)
Epoch: [57][4470/5005]	Time 0.389 (2.292)	Data 0.000 (1.831)	Loss 1.2813 (1.1898)	Acc@1 67.188 (71.602)	Acc@5 89.062 (88.885)
Epoch: [57][4480/5005]	Time 5.616 (2.293)	Data 5.202 (1.832)	Loss 1.4286 (1.1900)	Acc@1 69.141 (71.599)	Acc@5 85.938 (88.882)
Epoch: [57][4490/5005]	Time 0.464 (2.293)	Data 0.000 (1.832)	Loss 1.2869 (1.1901)	Acc@1 70.312 (71.597)	Acc@5 86.328 (88.883)
Epoch: [57][4500/5005]	Time 5.800 (2.293)	Data 5.448 (1.832)	Loss 1.3083 (1.1902)	Acc@1 67.188 (71.597)	Acc@5 87.109 (88.883)
Epoch: [57][4510/5005]	Time 0.415 (2.292)	Data 0.000 (1.831)	Loss 1.2399 (1.1902)	Acc@1 71.484 (71.596)	Acc@5 89.453 (88.882)
Epoch: [57][4520/5005]	Time 4.861 (2.293)	Data 4.473 (1.832)	Loss 1.2587 (1.1903)	Acc@1 71.094 (71.592)	Acc@5 87.109 (88.879)
Epoch: [57][4530/5005]	Time 0.398 (2.292)	Data 0.000 (1.832)	Loss 1.2623 (1.1902)	Acc@1 69.531 (71.596)	Acc@5 87.891 (88.880)
Epoch: [57][4540/5005]	Time 2.735 (2.293)	Data 2.285 (1.832)	Loss 1.0884 (1.1902)	Acc@1 73.438 (71.597)	Acc@5 91.797 (88.881)
Epoch: [57][4550/5005]	Time 0.395 (2.292)	Data 0.000 (1.832)	Loss 1.1583 (1.1902)	Acc@1 70.312 (71.595)	Acc@5 88.672 (88.880)
Epoch: [57][4560/5005]	Time 2.770 (2.293)	Data 2.331 (1.833)	Loss 1.1374 (1.1902)	Acc@1 73.438 (71.596)	Acc@5 88.672 (88.880)
Epoch: [57][4570/5005]	Time 0.406 (2.293)	Data 0.000 (1.832)	Loss 1.1970 (1.1903)	Acc@1 67.578 (71.593)	Acc@5 90.625 (88.879)
Epoch: [57][4580/5005]	Time 4.219 (2.294)	Data 3.830 (1.833)	Loss 0.9978 (1.1902)	Acc@1 75.391 (71.594)	Acc@5 92.578 (88.879)
Epoch: [57][4590/5005]	Time 0.412 (2.293)	Data 0.008 (1.832)	Loss 1.1168 (1.1903)	Acc@1 72.266 (71.594)	Acc@5 91.797 (88.878)
Epoch: [57][4600/5005]	Time 5.490 (2.294)	Data 4.910 (1.833)	Loss 1.0760 (1.1903)	Acc@1 75.781 (71.593)	Acc@5 89.844 (88.878)
/vulcan/scratch/jhanson7/anaconda3/envs/pytorch/lib/python3.7/site-packages/PIL/TiffImagePlugin.py:754: UserWarning: Possibly corrupt EXIF data.  Expecting to read 2555904 bytes but only got 0. Skipping tag 0
  " Skipping tag %s" % (size, len(data), tag))
/vulcan/scratch/jhanson7/anaconda3/envs/pytorch/lib/python3.7/site-packages/PIL/TiffImagePlugin.py:754: UserWarning: Possibly corrupt EXIF data.  Expecting to read 1835008 bytes but only got 0. Skipping tag 0
  " Skipping tag %s" % (size, len(data), tag))
/vulcan/scratch/jhanson7/anaconda3/envs/pytorch/lib/python3.7/site-packages/PIL/TiffImagePlugin.py:754: UserWarning: Possibly corrupt EXIF data.  Expecting to read 2555904 bytes but only got 0. Skipping tag 0
  " Skipping tag %s" % (size, len(data), tag))
/vulcan/scratch/jhanson7/anaconda3/envs/pytorch/lib/python3.7/site-packages/PIL/TiffImagePlugin.py:754: UserWarning: Possibly corrupt EXIF data.  Expecting to read 2555904 bytes but only got 0. Skipping tag 0
  " Skipping tag %s" % (size, len(data), tag))
/vulcan/scratch/jhanson7/anaconda3/envs/pytorch/lib/python3.7/site-packages/PIL/TiffImagePlugin.py:771: UserWarning: Corrupt EXIF data.  Expecting to read 4 bytes but only got 0. 
  warnings.warn(str(msg))
/vulcan/scratch/jhanson7/anaconda3/envs/pytorch/lib/python3.7/site-packages/PIL/TiffImagePlugin.py:754: UserWarning: Possibly corrupt EXIF data.  Expecting to read 19660800 bytes but only got 0. Skipping tag 0
  " Skipping tag %s" % (size, len(data), tag))
/vulcan/scratch/jhanson7/anaconda3/envs/pytorch/lib/python3.7/site-packages/PIL/TiffImagePlugin.py:754: UserWarning: Possibly corrupt EXIF data.  Expecting to read 18481152 bytes but only got 0. Skipping tag 0
  " Skipping tag %s" % (size, len(data), tag))
/vulcan/scratch/jhanson7/anaconda3/envs/pytorch/lib/python3.7/site-packages/PIL/TiffImagePlugin.py:754: UserWarning: Possibly corrupt EXIF data.  Expecting to read 37093376 bytes but only got 0. Skipping tag 0
  " Skipping tag %s" % (size, len(data), tag))
/vulcan/scratch/jhanson7/anaconda3/envs/pytorch/lib/python3.7/site-packages/PIL/TiffImagePlugin.py:754: UserWarning: Possibly corrupt EXIF data.  Expecting to read 39976960 bytes but only got 0. Skipping tag 0
  " Skipping tag %s" % (size, len(data), tag))
/vulcan/scratch/jhanson7/anaconda3/envs/pytorch/lib/python3.7/site-packages/PIL/TiffImagePlugin.py:754: UserWarning: Possibly corrupt EXIF data.  Expecting to read 34865152 bytes but only got 0. Skipping tag 0
  " Skipping tag %s" % (size, len(data), tag))
/vulcan/scratch/jhanson7/anaconda3/envs/pytorch/lib/python3.7/site-packages/PIL/TiffImagePlugin.py:771: UserWarning: Corrupt EXIF data.  Expecting to read 12 bytes but only got 10. 
  warnings.warn(str(msg))
/vulcan/scratch/jhanson7/anaconda3/envs/pytorch/lib/python3.7/site-packages/PIL/TiffImagePlugin.py:754: UserWarning: Possibly corrupt EXIF data.  Expecting to read 2555904 bytes but only got 0. Skipping tag 0
  " Skipping tag %s" % (size, len(data), tag))
Epoch: [57][4610/5005]	Time 0.571 (2.293)	Data 0.000 (1.832)	Loss 1.1162 (1.1904)	Acc@1 75.000 (71.592)	Acc@5 90.625 (88.878)
Epoch: [57][4620/5005]	Time 5.461 (2.293)	Data 5.030 (1.832)	Loss 1.1694 (1.1904)	Acc@1 68.750 (71.592)	Acc@5 90.625 (88.877)
Epoch: [57][4630/5005]	Time 0.468 (2.292)	Data 0.000 (1.831)	Loss 1.1713 (1.1905)	Acc@1 71.094 (71.591)	Acc@5 89.062 (88.875)
Epoch: [57][4640/5005]	Time 6.116 (2.293)	Data 5.620 (1.832)	Loss 1.1252 (1.1904)	Acc@1 75.000 (71.593)	Acc@5 89.453 (88.875)
Epoch: [57][4650/5005]	Time 0.535 (2.293)	Data 0.000 (1.832)	Loss 0.9850 (1.1904)	Acc@1 74.609 (71.591)	Acc@5 91.406 (88.875)
Epoch: [57][4660/5005]	Time 5.967 (2.294)	Data 5.507 (1.833)	Loss 1.1916 (1.1904)	Acc@1 68.750 (71.590)	Acc@5 88.281 (88.876)
Epoch: [57][4670/5005]	Time 0.432 (2.293)	Data 0.000 (1.832)	Loss 1.3671 (1.1904)	Acc@1 66.797 (71.589)	Acc@5 88.281 (88.876)
Epoch: [57][4680/5005]	Time 5.598 (2.294)	Data 5.209 (1.833)	Loss 1.2080 (1.1905)	Acc@1 66.797 (71.587)	Acc@5 89.453 (88.875)
Epoch: [57][4690/5005]	Time 0.732 (2.293)	Data 0.000 (1.832)	Loss 1.2060 (1.1905)	Acc@1 73.438 (71.587)	Acc@5 85.938 (88.873)
Epoch: [57][4700/5005]	Time 6.372 (2.294)	Data 5.944 (1.833)	Loss 1.2179 (1.1906)	Acc@1 71.875 (71.586)	Acc@5 87.891 (88.871)
Epoch: [57][4710/5005]	Time 0.503 (2.293)	Data 0.000 (1.832)	Loss 1.1831 (1.1905)	Acc@1 71.484 (71.587)	Acc@5 90.234 (88.871)
Epoch: [57][4720/5005]	Time 6.284 (2.294)	Data 5.903 (1.833)	Loss 1.3306 (1.1905)	Acc@1 65.625 (71.586)	Acc@5 85.547 (88.871)
Epoch: [57][4730/5005]	Time 0.434 (2.293)	Data 0.000 (1.832)	Loss 1.3581 (1.1905)	Acc@1 71.094 (71.587)	Acc@5 87.109 (88.872)
Epoch: [57][4740/5005]	Time 6.452 (2.293)	Data 6.001 (1.833)	Loss 1.1006 (1.1905)	Acc@1 74.219 (71.586)	Acc@5 89.453 (88.872)
Epoch: [57][4750/5005]	Time 0.523 (2.293)	Data 0.000 (1.832)	Loss 1.2466 (1.1906)	Acc@1 67.578 (71.584)	Acc@5 86.719 (88.869)
Epoch: [57][4760/5005]	Time 6.959 (2.293)	Data 6.460 (1.833)	Loss 1.2857 (1.1906)	Acc@1 68.750 (71.586)	Acc@5 87.109 (88.868)
Epoch: [57][4770/5005]	Time 0.359 (2.293)	Data 0.000 (1.832)	Loss 1.2133 (1.1908)	Acc@1 71.484 (71.584)	Acc@5 86.719 (88.866)
Epoch: [57][4780/5005]	Time 6.915 (2.294)	Data 6.552 (1.833)	Loss 1.1691 (1.1909)	Acc@1 72.266 (71.580)	Acc@5 87.891 (88.867)
Epoch: [57][4790/5005]	Time 0.540 (2.293)	Data 0.000 (1.832)	Loss 1.1532 (1.1908)	Acc@1 70.312 (71.583)	Acc@5 87.500 (88.868)
Epoch: [57][4800/5005]	Time 6.623 (2.294)	Data 6.224 (1.833)	Loss 1.2878 (1.1908)	Acc@1 66.797 (71.581)	Acc@5 88.281 (88.868)
Epoch: [57][4810/5005]	Time 0.386 (2.293)	Data 0.000 (1.833)	Loss 1.2264 (1.1909)	Acc@1 73.047 (71.578)	Acc@5 89.453 (88.866)
Epoch: [57][4820/5005]	Time 7.339 (2.294)	Data 6.899 (1.834)	Loss 1.1320 (1.1910)	Acc@1 72.266 (71.575)	Acc@5 88.281 (88.864)
Epoch: [57][4830/5005]	Time 0.533 (2.293)	Data 0.000 (1.833)	Loss 1.2760 (1.1909)	Acc@1 71.484 (71.577)	Acc@5 87.891 (88.865)
Epoch: [57][4840/5005]	Time 6.588 (2.294)	Data 6.139 (1.833)	Loss 1.1520 (1.1909)	Acc@1 72.656 (71.580)	Acc@5 88.281 (88.866)
Epoch: [57][4850/5005]	Time 0.386 (2.293)	Data 0.000 (1.833)	Loss 1.3141 (1.1908)	Acc@1 70.703 (71.579)	Acc@5 86.328 (88.866)
Epoch: [57][4860/5005]	Time 6.614 (2.294)	Data 6.170 (1.834)	Loss 1.1446 (1.1909)	Acc@1 75.000 (71.577)	Acc@5 89.844 (88.865)
Epoch: [57][4870/5005]	Time 0.463 (2.293)	Data 0.000 (1.833)	Loss 1.1639 (1.1909)	Acc@1 73.047 (71.578)	Acc@5 88.281 (88.865)
Epoch: [57][4880/5005]	Time 5.653 (2.294)	Data 5.253 (1.833)	Loss 1.0769 (1.1909)	Acc@1 77.734 (71.579)	Acc@5 89.453 (88.865)
Epoch: [57][4890/5005]	Time 0.411 (2.293)	Data 0.000 (1.833)	Loss 0.9628 (1.1909)	Acc@1 78.125 (71.580)	Acc@5 93.359 (88.866)
Epoch: [57][4900/5005]	Time 3.837 (2.294)	Data 3.414 (1.833)	Loss 1.3493 (1.1910)	Acc@1 70.703 (71.580)	Acc@5 85.547 (88.864)
Epoch: [57][4910/5005]	Time 0.356 (2.293)	Data 0.000 (1.833)	Loss 1.1059 (1.1911)	Acc@1 73.828 (71.580)	Acc@5 89.844 (88.863)
Epoch: [57][4920/5005]	Time 6.191 (2.294)	Data 5.717 (1.834)	Loss 0.9698 (1.1911)	Acc@1 76.953 (71.578)	Acc@5 90.625 (88.863)
Epoch: [57][4930/5005]	Time 0.404 (2.293)	Data 0.000 (1.833)	Loss 1.1582 (1.1912)	Acc@1 71.484 (71.578)	Acc@5 86.719 (88.862)
Epoch: [57][4940/5005]	Time 6.525 (2.294)	Data 6.128 (1.834)	Loss 1.0779 (1.1912)	Acc@1 73.438 (71.578)	Acc@5 89.453 (88.861)
Epoch: [57][4950/5005]	Time 0.365 (2.293)	Data 0.000 (1.833)	Loss 1.2649 (1.1913)	Acc@1 67.188 (71.576)	Acc@5 88.281 (88.860)
Epoch: [57][4960/5005]	Time 4.950 (2.294)	Data 4.535 (1.834)	Loss 1.3789 (1.1914)	Acc@1 66.797 (71.573)	Acc@5 86.328 (88.859)
Epoch: [57][4970/5005]	Time 0.473 (2.293)	Data 0.000 (1.833)	Loss 1.0235 (1.1913)	Acc@1 75.781 (71.576)	Acc@5 89.844 (88.862)
Epoch: [57][4980/5005]	Time 4.031 (2.294)	Data 3.435 (1.834)	Loss 1.4360 (1.1913)	Acc@1 64.453 (71.575)	Acc@5 85.547 (88.861)
Epoch: [57][4990/5005]	Time 0.518 (2.293)	Data 0.000 (1.833)	Loss 1.3900 (1.1913)	Acc@1 69.141 (71.576)	Acc@5 85.938 (88.863)
Epoch: [57][5000/5005]	Time 3.845 (2.294)	Data 3.523 (1.834)	Loss 1.1764 (1.1912)	Acc@1 73.438 (71.577)	Acc@5 87.891 (88.864)
Test: [0/196]	Time 12.318 (12.318)	Loss 0.6449 (0.6449)	Acc@1 82.812 (82.812)	Acc@5 96.484 (96.484)
Test: [10/196]	Time 0.360 (3.177)	Loss 1.0254 (0.7934)	Acc@1 76.172 (79.261)	Acc@5 92.969 (94.247)
Test: [20/196]	Time 9.147 (3.121)	Loss 0.8236 (0.8133)	Acc@1 79.297 (78.832)	Acc@5 91.016 (93.731)
Test: [30/196]	Time 0.383 (2.815)	Loss 0.8297 (0.7795)	Acc@1 78.906 (79.725)	Acc@5 93.750 (94.027)
Test: [40/196]	Time 7.513 (2.836)	Loss 0.8772 (0.8272)	Acc@1 78.125 (78.373)	Acc@5 94.531 (94.103)
Test: [50/196]	Time 0.387 (2.743)	Loss 0.5739 (0.8194)	Acc@1 85.156 (78.255)	Acc@5 95.703 (94.370)
Test: [60/196]	Time 5.498 (2.765)	Loss 1.0260 (0.8291)	Acc@1 69.141 (77.824)	Acc@5 92.969 (94.442)
Test: [70/196]	Time 0.396 (2.739)	Loss 0.7937 (0.8105)	Acc@1 77.344 (78.307)	Acc@5 95.703 (94.696)
Test: [80/196]	Time 5.787 (2.751)	Loss 1.5942 (0.8346)	Acc@1 60.156 (77.898)	Acc@5 86.719 (94.343)
Test: [90/196]	Time 0.462 (2.719)	Loss 2.2284 (0.8990)	Acc@1 47.656 (76.528)	Acc@5 78.125 (93.527)
Test: [100/196]	Time 5.534 (2.710)	Loss 1.5947 (0.9605)	Acc@1 60.547 (75.271)	Acc@5 86.328 (92.721)
Test: [110/196]	Time 1.047 (2.700)	Loss 0.9889 (0.9859)	Acc@1 73.047 (74.803)	Acc@5 92.578 (92.406)
Test: [120/196]	Time 7.036 (2.711)	Loss 1.5798 (1.0100)	Acc@1 66.016 (74.393)	Acc@5 80.859 (92.049)
Test: [130/196]	Time 2.554 (2.691)	Loss 0.8983 (1.0453)	Acc@1 77.344 (73.676)	Acc@5 94.531 (91.633)
Test: [140/196]	Time 4.708 (2.687)	Loss 1.3290 (1.0691)	Acc@1 67.188 (73.188)	Acc@5 87.500 (91.351)
Test: [150/196]	Time 3.954 (2.674)	Loss 1.2766 (1.0929)	Acc@1 74.609 (72.786)	Acc@5 87.500 (90.995)
Test: [160/196]	Time 4.315 (2.672)	Loss 0.9562 (1.1100)	Acc@1 79.297 (72.486)	Acc@5 91.406 (90.746)
Test: [170/196]	Time 3.387 (2.665)	Loss 0.7598 (1.1287)	Acc@1 80.078 (72.103)	Acc@5 96.094 (90.504)
Test: [180/196]	Time 6.224 (2.668)	Loss 1.3355 (1.1469)	Acc@1 66.406 (71.724)	Acc@5 90.625 (90.280)
Test: [190/196]	Time 3.247 (2.655)	Loss 1.3488 (1.1442)	Acc@1 62.500 (71.734)	Acc@5 91.406 (90.341)
Traceback (most recent call last):
  File "../main.py", line 402, in <module>
    main()
  File "../main.py", line 113, in main
    main_worker(args.gpu, ngpus_per_node, args)
  File "../main.py", line 241, in main_worker
    acc1 = validate(val_loader, model, criterion, args)
  File "../main.py", line 324, in validate
    output = model(input)
  File "/vulcan/scratch/jhanson7/anaconda3/envs/pytorch/lib/python3.7/site-packages/torch/nn/modules/module.py", line 489, in __call__
    result = self.forward(*input, **kwargs)
  File "/vulcan/scratch/jhanson7/anaconda3/envs/pytorch/lib/python3.7/site-packages/torch/nn/parallel/data_parallel.py", line 143, in forward
    outputs = self.parallel_apply(replicas, inputs, kwargs)
  File "/vulcan/scratch/jhanson7/anaconda3/envs/pytorch/lib/python3.7/site-packages/torch/nn/parallel/data_parallel.py", line 153, in parallel_apply
    return parallel_apply(replicas, inputs, kwargs, self.device_ids[:len(replicas)])
  File "/vulcan/scratch/jhanson7/anaconda3/envs/pytorch/lib/python3.7/site-packages/torch/nn/parallel/parallel_apply.py", line 83, in parallel_apply
    raise output
  File "/vulcan/scratch/jhanson7/anaconda3/envs/pytorch/lib/python3.7/site-packages/torch/nn/parallel/parallel_apply.py", line 59, in _worker
    output = module(*input, **kwargs)
  File "/vulcan/scratch/jhanson7/anaconda3/envs/pytorch/lib/python3.7/site-packages/torch/nn/modules/module.py", line 489, in __call__
    result = self.forward(*input, **kwargs)
  File "/vulcan/scratch/jhanson7/anaconda3/envs/pytorch/lib/python3.7/site-packages/torchvision/models/resnet.py", line 147, in forward
    x = self.layer4(x)
  File "/vulcan/scratch/jhanson7/anaconda3/envs/pytorch/lib/python3.7/site-packages/torch/nn/modules/module.py", line 489, in __call__
    result = self.forward(*input, **kwargs)
  File "/vulcan/scratch/jhanson7/anaconda3/envs/pytorch/lib/python3.7/site-packages/torch/nn/modules/container.py", line 92, in forward
    input = module(input)
  File "/vulcan/scratch/jhanson7/anaconda3/envs/pytorch/lib/python3.7/site-packages/torch/nn/modules/module.py", line 489, in __call__
    result = self.forward(*input, **kwargs)
  File "/vulcan/scratch/jhanson7/anaconda3/envs/pytorch/lib/python3.7/site-packages/torchvision/models/resnet.py", line 88, in forward
    residual = self.downsample(x)
  File "/vulcan/scratch/jhanson7/anaconda3/envs/pytorch/lib/python3.7/site-packages/torch/nn/modules/module.py", line 489, in __call__
    result = self.forward(*input, **kwargs)
  File "/vulcan/scratch/jhanson7/anaconda3/envs/pytorch/lib/python3.7/site-packages/torch/nn/modules/container.py", line 92, in forward
    input = module(input)
  File "/vulcan/scratch/jhanson7/anaconda3/envs/pytorch/lib/python3.7/site-packages/torch/nn/modules/module.py", line 489, in __call__
    result = self.forward(*input, **kwargs)
  File "/vulcan/scratch/jhanson7/anaconda3/envs/pytorch/lib/python3.7/site-packages/torch/nn/modules/conv.py", line 320, in forward
    self.padding, self.dilation, self.groups)
RuntimeError: CUDA out of memory. Tried to allocate 8.75 GiB (GPU 2; 10.92 GiB total capacity; 142.46 MiB already allocated; 10.17 GiB free; 73.29 MiB cached)
srun: error: vulcan14: task 0: Exited with exit code 1
